Submitted from:/home/xiaoqiguo2/OpensetNTM on node:login
Running on node node5
Allocate Gpu Units:0
Leanring_rate:  0.0006
Leanring_rate_T:  0.006
Open-set class:  15
Threshold_high:  0.8
Threshold_low:  0.2
lambda_Place:  0.1
lambda_Convex:  0.1
lambda_Volume:  1.0
lambda_Anchor:  1.0
restore_from:  ../snapshots/BAPA_best.pth
Start: Sat Oct 16 07:14:47 2021
iter =        0/  250000, loss_seg_p = 0.014 loss_seg_y = 0.676 Convex = -18.495 Volume = -12.899 Anchor = 6.490 Place_loss = 0.302
iter =      100/  250000, loss_seg_p = 0.642 loss_seg_y = 1.308 Convex = -13.087 Volume = -16.022 Anchor = 25.089 Place_loss = 0.091
iter =      200/  250000, loss_seg_p = 0.113 loss_seg_y = 0.963 Convex = -10.652 Volume = -17.763 Anchor = 15.669 Place_loss = 0.048
iter =      300/  250000, loss_seg_p = 0.265 loss_seg_y = 1.151 Convex = -9.447 Volume = -18.820 Anchor = 14.674 Place_loss = 0.050
iter =      400/  250000, loss_seg_p = 0.306 loss_seg_y = 1.267 Convex = -8.833 Volume = -19.603 Anchor = 14.729 Place_loss = 0.049
iter =      500/  250000, loss_seg_p = 0.690 loss_seg_y = 1.575 Convex = -8.432 Volume = -20.215 Anchor = 12.856 Place_loss = 0.045
iter =      600/  250000, loss_seg_p = 0.650 loss_seg_y = 1.310 Convex = -8.012 Volume = -20.543 Anchor = 12.612 Place_loss = 0.058
iter =      700/  250000, loss_seg_p = 0.300 loss_seg_y = 1.251 Convex = -7.810 Volume = -20.848 Anchor = 17.052 Place_loss = 0.051
iter =      800/  250000, loss_seg_p = 0.092 loss_seg_y = 1.092 Convex = -7.674 Volume = -21.090 Anchor = 12.275 Place_loss = 0.035
iter =      900/  250000, loss_seg_p = 0.133 loss_seg_y = 1.075 Convex = -7.579 Volume = -21.354 Anchor = 16.751 Place_loss = 0.028
iter =     1000/  250000, loss_seg_p = 0.025 loss_seg_y = 1.037 Convex = -7.506 Volume = -21.620 Anchor = 14.466 Place_loss = 0.013
2021-10-16 07:27:15   Begin evaluation on iter     1000/  250000  
Evaluate for testing data
===>road:	93.79
===>sidewalk:	61.18
===>building:	85.17
===>wall:	18.8
===>fence:	28.54
===>pole:	33.26
===>light:	33.14
===>sign:	48.98
===>vegetation:	87.78
===>terrain:	40.1
===>sky:	84.04
===>person:	63.96
===>rider:	30.21
===>car:	87.64
===>truck:	35.82
===>bus:	35.71
===>train:	0.0
===>motocycle:	22.7
===>bicycle:	53.23
===> mIoU: 49.69
Finish Evaluation: Sat Oct 16 07:35:00 2021
Saving model with mIoU:  49.69
iter =     1100/  250000, loss_seg_p = 1.591 loss_seg_y = 1.483 Convex = -7.427 Volume = -21.829 Anchor = 22.175 Place_loss = 0.091
iter =     1200/  250000, loss_seg_p = 0.640 loss_seg_y = 1.380 Convex = -7.330 Volume = -22.001 Anchor = 17.026 Place_loss = 0.044
iter =     1300/  250000, loss_seg_p = 0.104 loss_seg_y = 1.079 Convex = -7.113 Volume = -22.067 Anchor = 17.887 Place_loss = 0.025
iter =     1400/  250000, loss_seg_p = 0.331 loss_seg_y = 1.216 Convex = -6.893 Volume = -22.032 Anchor = 15.291 Place_loss = 0.027
iter =     1500/  250000, loss_seg_p = 0.034 loss_seg_y = 1.017 Convex = -6.791 Volume = -21.969 Anchor = 16.301 Place_loss = 0.025
iter =     1600/  250000, loss_seg_p = 0.360 loss_seg_y = 1.434 Convex = -6.609 Volume = -21.945 Anchor = 22.050 Place_loss = 0.065
iter =     1700/  250000, loss_seg_p = 0.228 loss_seg_y = 1.323 Convex = -6.480 Volume = -21.862 Anchor = 15.576 Place_loss = 0.034
iter =     1800/  250000, loss_seg_p = 2.751 loss_seg_y = 3.262 Convex = -6.439 Volume = -21.891 Anchor = 13.573 Place_loss = 0.087
iter =     1900/  250000, loss_seg_p = 0.057 loss_seg_y = 1.148 Convex = -6.289 Volume = -21.823 Anchor = 11.385 Place_loss = 0.017
iter =     2000/  250000, loss_seg_p = 0.215 loss_seg_y = 1.407 Convex = -6.170 Volume = -21.701 Anchor = 13.812 Place_loss = 0.052
2021-10-16 07:47:02   Begin evaluation on iter     2000/  250000  
Evaluate for testing data
===>road:	93.05
===>sidewalk:	57.14
===>building:	86.27
===>wall:	22.14
===>fence:	35.82
===>pole:	40.14
===>light:	42.69
===>sign:	59.56
===>vegetation:	87.17
===>terrain:	43.66
===>sky:	85.25
===>person:	68.58
===>rider:	41.93
===>car:	88.39
===>truck:	28.21
===>bus:	38.16
===>train:	0.0
===>motocycle:	36.31
===>bicycle:	59.14
===> mIoU: 53.35
Finish Evaluation: Sat Oct 16 07:54:47 2021
Saving model with mIoU:  53.35
iter =     2100/  250000, loss_seg_p = 0.009 loss_seg_y = 1.076 Convex = -6.142 Volume = -21.682 Anchor = 5.488 Place_loss = 0.009
iter =     2200/  250000, loss_seg_p = 0.182 loss_seg_y = 1.223 Convex = -6.126 Volume = -21.669 Anchor = 13.452 Place_loss = 0.025
iter =     2300/  250000, loss_seg_p = 0.135 loss_seg_y = 1.276 Convex = -6.067 Volume = -21.681 Anchor = 12.658 Place_loss = 0.032
iter =     2400/  250000, loss_seg_p = 0.382 loss_seg_y = 1.366 Convex = -5.806 Volume = -21.570 Anchor = 15.569 Place_loss = 0.045
iter =     2500/  250000, loss_seg_p = 0.421 loss_seg_y = 1.323 Convex = -5.613 Volume = -21.271 Anchor = 8.916 Place_loss = 0.023
iter =     2600/  250000, loss_seg_p = 0.164 loss_seg_y = 1.298 Convex = -5.478 Volume = -21.166 Anchor = 13.000 Place_loss = 0.040
iter =     2700/  250000, loss_seg_p = 0.167 loss_seg_y = 1.305 Convex = -5.341 Volume = -21.004 Anchor = 15.273 Place_loss = 0.028
iter =     2800/  250000, loss_seg_p = 0.074 loss_seg_y = 1.178 Convex = -5.227 Volume = -20.932 Anchor = 17.649 Place_loss = 0.013
iter =     2900/  250000, loss_seg_p = 0.049 loss_seg_y = 1.151 Convex = -5.105 Volume = -20.757 Anchor = 18.079 Place_loss = 0.022
iter =     3000/  250000, loss_seg_p = 0.085 loss_seg_y = 1.255 Convex = -5.086 Volume = -20.716 Anchor = 10.818 Place_loss = 0.030
2021-10-16 08:06:51   Begin evaluation on iter     3000/  250000  
Evaluate for testing data
===>road:	93.8
===>sidewalk:	59.91
===>building:	86.71
===>wall:	23.72
===>fence:	39.42
===>pole:	35.01
===>light:	40.56
===>sign:	57.35
===>vegetation:	87.44
===>terrain:	43.46
===>sky:	88.39
===>person:	68.41
===>rider:	40.6
===>car:	89.15
===>truck:	48.29
===>bus:	53.48
===>train:	0.0
===>motocycle:	33.58
===>bicycle:	54.81
===> mIoU: 54.95
Finish Evaluation: Sat Oct 16 08:14:33 2021
Saving model with mIoU:  54.95
iter =     3100/  250000, loss_seg_p = 0.510 loss_seg_y = 1.378 Convex = -5.079 Volume = -20.751 Anchor = 15.411 Place_loss = 0.034
iter =     3200/  250000, loss_seg_p = 0.290 loss_seg_y = 1.246 Convex = -5.073 Volume = -20.742 Anchor = 11.397 Place_loss = 0.018
iter =     3300/  250000, loss_seg_p = 0.447 loss_seg_y = 1.588 Convex = -5.069 Volume = -20.748 Anchor = 13.182 Place_loss = 0.043
iter =     3400/  250000, loss_seg_p = 0.259 loss_seg_y = 1.461 Convex = -5.071 Volume = -20.860 Anchor = 21.574 Place_loss = 0.031
iter =     3500/  250000, loss_seg_p = 0.529 loss_seg_y = 1.401 Convex = -5.060 Volume = -20.815 Anchor = 14.311 Place_loss = 0.045
iter =     3600/  250000, loss_seg_p = 0.081 loss_seg_y = 1.246 Convex = -5.054 Volume = -20.795 Anchor = 11.367 Place_loss = 0.017
iter =     3700/  250000, loss_seg_p = 0.059 loss_seg_y = 1.195 Convex = -5.051 Volume = -20.790 Anchor = 11.951 Place_loss = 0.016
iter =     3800/  250000, loss_seg_p = 0.148 loss_seg_y = 1.225 Convex = -5.050 Volume = -20.825 Anchor = 12.150 Place_loss = 0.022
iter =     3900/  250000, loss_seg_p = 0.029 loss_seg_y = 1.150 Convex = -5.048 Volume = -20.820 Anchor = 7.575 Place_loss = 0.010
iter =     4000/  250000, loss_seg_p = 0.250 loss_seg_y = 1.373 Convex = -5.046 Volume = -20.822 Anchor = 18.974 Place_loss = 0.043
2021-10-16 08:26:37   Begin evaluation on iter     4000/  250000  
Evaluate for testing data
===>road:	93.38
===>sidewalk:	60.26
===>building:	87.52
===>wall:	30.55
===>fence:	37.28
===>pole:	38.46
===>light:	46.08
===>sign:	59.51
===>vegetation:	87.69
===>terrain:	44.38
===>sky:	87.91
===>person:	68.84
===>rider:	39.97
===>car:	89.75
===>truck:	49.53
===>bus:	46.04
===>train:	0.0
===>motocycle:	42.73
===>bicycle:	58.6
===> mIoU: 56.23
Finish Evaluation: Sat Oct 16 08:34:23 2021
Saving model with mIoU:  56.23
iter =     4100/  250000, loss_seg_p = 0.037 loss_seg_y = 1.231 Convex = -5.044 Volume = -20.823 Anchor = 15.464 Place_loss = 0.019
iter =     4200/  250000, loss_seg_p = 0.038 loss_seg_y = 1.308 Convex = -5.044 Volume = -20.846 Anchor = 9.307 Place_loss = 0.023
iter =     4300/  250000, loss_seg_p = 0.032 loss_seg_y = 1.160 Convex = -5.041 Volume = -20.842 Anchor = 16.462 Place_loss = 0.013
iter =     4400/  250000, loss_seg_p = 0.034 loss_seg_y = 1.207 Convex = -5.041 Volume = -20.855 Anchor = 10.683 Place_loss = 0.015
iter =     4500/  250000, loss_seg_p = 0.041 loss_seg_y = 1.179 Convex = -5.039 Volume = -20.858 Anchor = 7.711 Place_loss = 0.012
iter =     4600/  250000, loss_seg_p = 0.053 loss_seg_y = 1.229 Convex = -5.040 Volume = -20.888 Anchor = 13.739 Place_loss = 0.016
iter =     4700/  250000, loss_seg_p = 0.059 loss_seg_y = 1.153 Convex = -5.036 Volume = -20.842 Anchor = 10.539 Place_loss = 0.011
iter =     4800/  250000, loss_seg_p = 0.051 loss_seg_y = 1.227 Convex = -5.036 Volume = -20.860 Anchor = 11.774 Place_loss = 0.021
iter =     4900/  250000, loss_seg_p = 0.112 loss_seg_y = 1.208 Convex = -5.039 Volume = -20.914 Anchor = 13.081 Place_loss = 0.019
iter =     5000/  250000, loss_seg_p = 0.469 loss_seg_y = 1.969 Convex = -5.042 Volume = -20.960 Anchor = 21.424 Place_loss = 0.089
2021-10-16 08:46:30   Begin evaluation on iter     5000/  250000  
Evaluate for testing data
===>road:	94.19
===>sidewalk:	62.28
===>building:	87.54
===>wall:	23.66
===>fence:	32.58
===>pole:	39.86
===>light:	44.3
===>sign:	58.62
===>vegetation:	88.43
===>terrain:	43.68
===>sky:	88.63
===>person:	68.95
===>rider:	40.4
===>car:	89.35
===>truck:	38.56
===>bus:	52.2
===>train:	0.0
===>motocycle:	40.82
===>bicycle:	55.47
===> mIoU: 55.24
Finish Evaluation: Sat Oct 16 08:54:39 2021
iter =     5100/  250000, loss_seg_p = 0.132 loss_seg_y = 1.278 Convex = -5.039 Volume = -20.939 Anchor = 12.559 Place_loss = 0.021
iter =     5200/  250000, loss_seg_p = 0.104 loss_seg_y = 1.306 Convex = -5.035 Volume = -20.914 Anchor = 12.425 Place_loss = 0.025
iter =     5300/  250000, loss_seg_p = 0.010 loss_seg_y = 1.115 Convex = -5.035 Volume = -20.922 Anchor = 9.424 Place_loss = 0.005
iter =     5400/  250000, loss_seg_p = 0.042 loss_seg_y = 1.209 Convex = -5.033 Volume = -20.912 Anchor = 11.518 Place_loss = 0.024
iter =     5500/  250000, loss_seg_p = 0.027 loss_seg_y = 1.126 Convex = -5.032 Volume = -20.917 Anchor = 12.338 Place_loss = 0.012
iter =     5600/  250000, loss_seg_p = 0.038 loss_seg_y = 1.155 Convex = -5.032 Volume = -20.926 Anchor = 12.560 Place_loss = 0.012
iter =     5700/  250000, loss_seg_p = 0.188 loss_seg_y = 1.433 Convex = -5.032 Volume = -20.937 Anchor = 13.905 Place_loss = 0.026
iter =     5800/  250000, loss_seg_p = 0.188 loss_seg_y = 1.415 Convex = -5.030 Volume = -20.940 Anchor = 14.232 Place_loss = 0.037
iter =     5900/  250000, loss_seg_p = 0.271 loss_seg_y = 1.492 Convex = -5.023 Volume = -20.950 Anchor = 17.571 Place_loss = 0.044
iter =     6000/  250000, loss_seg_p = 0.156 loss_seg_y = 1.335 Convex = -5.018 Volume = -20.942 Anchor = 12.343 Place_loss = 0.035
2021-10-16 09:07:02   Begin evaluation on iter     6000/  250000  
Evaluate for testing data
===>road:	93.76
===>sidewalk:	57.96
===>building:	87.36
===>wall:	29.56
===>fence:	40.0
===>pole:	38.65
===>light:	45.78
===>sign:	57.86
===>vegetation:	88.38
===>terrain:	45.84
===>sky:	87.52
===>person:	69.14
===>rider:	41.5
===>car:	89.97
===>truck:	43.44
===>bus:	41.41
===>train:	0.0
===>motocycle:	43.8
===>bicycle:	58.35
===> mIoU: 55.81
Finish Evaluation: Sat Oct 16 09:16:37 2021
iter =     6100/  250000, loss_seg_p = 0.030 loss_seg_y = 1.134 Convex = -5.016 Volume = -20.915 Anchor = 13.088 Place_loss = 0.010
iter =     6200/  250000, loss_seg_p = 0.151 loss_seg_y = 1.265 Convex = -5.017 Volume = -20.923 Anchor = 17.033 Place_loss = 0.022
iter =     6300/  250000, loss_seg_p = 0.024 loss_seg_y = 1.208 Convex = -5.017 Volume = -20.917 Anchor = 11.287 Place_loss = 0.012
iter =     6400/  250000, loss_seg_p = 0.149 loss_seg_y = 1.220 Convex = -5.016 Volume = -20.899 Anchor = 15.318 Place_loss = 0.017
iter =     6500/  250000, loss_seg_p = 0.068 loss_seg_y = 1.220 Convex = -5.016 Volume = -20.892 Anchor = 13.828 Place_loss = 0.015
iter =     6600/  250000, loss_seg_p = 0.012 loss_seg_y = 1.132 Convex = -5.016 Volume = -20.884 Anchor = 7.955 Place_loss = 0.008
iter =     6700/  250000, loss_seg_p = 0.013 loss_seg_y = 1.143 Convex = -5.015 Volume = -20.845 Anchor = 3.722 Place_loss = 0.005
iter =     6800/  250000, loss_seg_p = 0.051 loss_seg_y = 1.172 Convex = -5.014 Volume = -20.830 Anchor = 8.778 Place_loss = 0.012
iter =     6900/  250000, loss_seg_p = 0.028 loss_seg_y = 1.128 Convex = -5.014 Volume = -20.826 Anchor = 7.673 Place_loss = 0.012
iter =     7000/  250000, loss_seg_p = 0.099 loss_seg_y = 1.201 Convex = -5.014 Volume = -20.824 Anchor = 14.627 Place_loss = 0.017
2021-10-16 09:29:12   Begin evaluation on iter     7000/  250000  
Evaluate for testing data
===>road:	93.7
===>sidewalk:	59.95
===>building:	87.8
===>wall:	26.59
===>fence:	37.77
===>pole:	40.51
===>light:	47.2
===>sign:	59.16
===>vegetation:	88.53
===>terrain:	43.38
===>sky:	87.39
===>person:	69.9
===>rider:	43.48
===>car:	87.51
===>truck:	33.53
===>bus:	43.98
===>train:	0.0
===>motocycle:	32.7
===>bicycle:	55.17
===> mIoU: 54.64
Finish Evaluation: Sat Oct 16 09:38:51 2021
iter =     7100/  250000, loss_seg_p = 0.083 loss_seg_y = 1.277 Convex = -4.864 Volume = -20.681 Anchor = 11.993 Place_loss = 0.026
iter =     7200/  250000, loss_seg_p = 0.057 loss_seg_y = 1.217 Convex = -4.806 Volume = -20.602 Anchor = 11.142 Place_loss = 0.016
iter =     7300/  250000, loss_seg_p = 0.038 loss_seg_y = 1.172 Convex = -4.774 Volume = -20.537 Anchor = 15.151 Place_loss = 0.017
iter =     7400/  250000, loss_seg_p = 0.058 loss_seg_y = 1.214 Convex = -4.770 Volume = -20.535 Anchor = 12.704 Place_loss = 0.020
iter =     7500/  250000, loss_seg_p = 0.035 loss_seg_y = 1.193 Convex = -4.767 Volume = -20.515 Anchor = 11.249 Place_loss = 0.017
iter =     7600/  250000, loss_seg_p = 0.132 loss_seg_y = 1.224 Convex = -4.766 Volume = -20.512 Anchor = 17.531 Place_loss = 0.029
iter =     7700/  250000, loss_seg_p = 0.023 loss_seg_y = 1.142 Convex = -4.767 Volume = -20.531 Anchor = 11.721 Place_loss = 0.013
iter =     7800/  250000, loss_seg_p = 0.121 loss_seg_y = 1.257 Convex = -4.766 Volume = -20.505 Anchor = 18.168 Place_loss = 0.023
iter =     7900/  250000, loss_seg_p = 0.183 loss_seg_y = 1.795 Convex = -4.766 Volume = -20.501 Anchor = 11.356 Place_loss = 0.051
iter =     8000/  250000, loss_seg_p = 0.014 loss_seg_y = 1.093 Convex = -4.766 Volume = -20.504 Anchor = 8.055 Place_loss = 0.008
2021-10-16 09:51:20   Begin evaluation on iter     8000/  250000  
Evaluate for testing data
===>road:	93.23
===>sidewalk:	55.64
===>building:	87.59
===>wall:	25.65
===>fence:	37.52
===>pole:	43.13
===>light:	46.28
===>sign:	57.42
===>vegetation:	88.33
===>terrain:	45.39
===>sky:	88.2
===>person:	70.22
===>rider:	43.9
===>car:	89.76
===>truck:	50.85
===>bus:	51.21
===>train:	0.0
===>motocycle:	43.57
===>bicycle:	58.37
===> mIoU: 56.65
Finish Evaluation: Sat Oct 16 10:00:56 2021
Saving model with mIoU:  56.65
iter =     8100/  250000, loss_seg_p = 0.007 loss_seg_y = 1.096 Convex = -4.765 Volume = -20.484 Anchor = 7.424 Place_loss = 0.003
iter =     8200/  250000, loss_seg_p = 0.017 loss_seg_y = 1.158 Convex = -4.765 Volume = -20.486 Anchor = 6.892 Place_loss = 0.005
iter =     8300/  250000, loss_seg_p = 0.021 loss_seg_y = 1.096 Convex = -4.763 Volume = -20.475 Anchor = 14.143 Place_loss = 0.010
iter =     8400/  250000, loss_seg_p = 0.042 loss_seg_y = 1.236 Convex = -4.758 Volume = -20.454 Anchor = 12.111 Place_loss = 0.013
iter =     8500/  250000, loss_seg_p = 0.033 loss_seg_y = 1.126 Convex = -4.757 Volume = -20.467 Anchor = 11.250 Place_loss = 0.009
iter =     8600/  250000, loss_seg_p = 0.017 loss_seg_y = 1.129 Convex = -4.756 Volume = -20.432 Anchor = 12.000 Place_loss = 0.005
iter =     8700/  250000, loss_seg_p = 0.103 loss_seg_y = 1.349 Convex = -4.756 Volume = -20.431 Anchor = 11.002 Place_loss = 0.029
iter =     8800/  250000, loss_seg_p = 0.101 loss_seg_y = 1.251 Convex = -4.756 Volume = -20.435 Anchor = 9.310 Place_loss = 0.021
iter =     8900/  250000, loss_seg_p = 0.174 loss_seg_y = 1.408 Convex = -4.756 Volume = -20.437 Anchor = 10.786 Place_loss = 0.040
iter =     9000/  250000, loss_seg_p = 0.044 loss_seg_y = 1.140 Convex = -4.755 Volume = -20.426 Anchor = 11.465 Place_loss = 0.011
2021-10-16 10:13:28   Begin evaluation on iter     9000/  250000  
Evaluate for testing data
===>road:	94.33
===>sidewalk:	60.6
===>building:	87.87
===>wall:	30.97
===>fence:	39.26
===>pole:	40.42
===>light:	47.01
===>sign:	57.79
===>vegetation:	88.42
===>terrain:	44.66
===>sky:	87.78
===>person:	71.0
===>rider:	43.86
===>car:	90.08
===>truck:	52.3
===>bus:	55.52
===>train:	0.0
===>motocycle:	42.45
===>bicycle:	59.83
===> mIoU: 57.59
Finish Evaluation: Sat Oct 16 10:23:05 2021
Saving model with mIoU:  57.59
iter =     9100/  250000, loss_seg_p = 0.064 loss_seg_y = 1.297 Convex = -4.756 Volume = -20.436 Anchor = 13.992 Place_loss = 0.017
iter =     9200/  250000, loss_seg_p = 0.030 loss_seg_y = 1.215 Convex = -4.756 Volume = -20.439 Anchor = 9.853 Place_loss = 0.014
iter =     9300/  250000, loss_seg_p = 0.015 loss_seg_y = 1.137 Convex = -4.756 Volume = -20.440 Anchor = 9.765 Place_loss = 0.007
iter =     9400/  250000, loss_seg_p = 0.048 loss_seg_y = 1.310 Convex = -4.756 Volume = -20.428 Anchor = 10.853 Place_loss = 0.020
iter =     9500/  250000, loss_seg_p = 0.016 loss_seg_y = 1.095 Convex = -4.757 Volume = -20.438 Anchor = 9.259 Place_loss = 0.008
iter =     9600/  250000, loss_seg_p = 0.033 loss_seg_y = 1.049 Convex = -4.752 Volume = -20.410 Anchor = 11.236 Place_loss = 0.006
iter =     9700/  250000, loss_seg_p = 0.087 loss_seg_y = 1.231 Convex = -4.753 Volume = -20.418 Anchor = 8.287 Place_loss = 0.019
iter =     9800/  250000, loss_seg_p = 0.041 loss_seg_y = 1.187 Convex = -4.752 Volume = -20.406 Anchor = 11.432 Place_loss = 0.015
iter =     9900/  250000, loss_seg_p = 0.028 loss_seg_y = 1.075 Convex = -4.752 Volume = -20.399 Anchor = 6.585 Place_loss = 0.008
iter =    10000/  250000, loss_seg_p = 0.018 loss_seg_y = 1.110 Convex = -4.753 Volume = -20.411 Anchor = 11.937 Place_loss = 0.008
2021-10-16 10:35:42   Begin evaluation on iter    10000/  250000  
Evaluate for testing data
===>road:	93.95
===>sidewalk:	60.78
===>building:	88.08
===>wall:	26.04
===>fence:	39.7
===>pole:	40.77
===>light:	47.25
===>sign:	60.69
===>vegetation:	88.6
===>terrain:	46.37
===>sky:	89.31
===>person:	70.6
===>rider:	42.58
===>car:	87.98
===>truck:	51.12
===>bus:	43.73
===>train:	0.0
===>motocycle:	46.08
===>bicycle:	57.33
===> mIoU: 56.89
Finish Evaluation: Sat Oct 16 10:45:19 2021
iter =    10100/  250000, loss_seg_p = 0.040 loss_seg_y = 1.144 Convex = -4.752 Volume = -20.403 Anchor = 8.987 Place_loss = 0.015
iter =    10200/  250000, loss_seg_p = 0.036 loss_seg_y = 1.154 Convex = -4.753 Volume = -20.400 Anchor = 13.053 Place_loss = 0.016
iter =    10300/  250000, loss_seg_p = 0.018 loss_seg_y = 1.113 Convex = -4.753 Volume = -20.400 Anchor = 10.589 Place_loss = 0.007
iter =    10400/  250000, loss_seg_p = 0.014 loss_seg_y = 1.081 Convex = -4.753 Volume = -20.402 Anchor = 8.802 Place_loss = 0.009
iter =    10500/  250000, loss_seg_p = 0.023 loss_seg_y = 1.118 Convex = -4.753 Volume = -20.414 Anchor = 5.209 Place_loss = 0.003
iter =    10600/  250000, loss_seg_p = 0.046 loss_seg_y = 1.139 Convex = -4.753 Volume = -20.409 Anchor = 12.063 Place_loss = 0.019
iter =    10700/  250000, loss_seg_p = 0.031 loss_seg_y = 1.128 Convex = -4.752 Volume = -20.411 Anchor = 14.645 Place_loss = 0.016
iter =    10800/  250000, loss_seg_p = 0.049 loss_seg_y = 1.341 Convex = -4.752 Volume = -20.404 Anchor = 16.628 Place_loss = 0.020
iter =    10900/  250000, loss_seg_p = 0.032 loss_seg_y = 1.088 Convex = -4.752 Volume = -20.394 Anchor = 13.937 Place_loss = 0.012
iter =    11000/  250000, loss_seg_p = 0.008 loss_seg_y = 1.048 Convex = -4.751 Volume = -20.388 Anchor = 9.282 Place_loss = 0.005
2021-10-16 10:57:54   Begin evaluation on iter    11000/  250000  
Evaluate for testing data
===>road:	93.92
===>sidewalk:	58.68
===>building:	87.92
===>wall:	26.25
===>fence:	39.32
===>pole:	39.23
===>light:	45.36
===>sign:	58.94
===>vegetation:	88.69
===>terrain:	45.59
===>sky:	89.48
===>person:	71.11
===>rider:	43.35
===>car:	90.4
===>truck:	49.88
===>bus:	59.28
===>train:	0.0
===>motocycle:	48.73
===>bicycle:	56.94
===> mIoU: 57.53
Finish Evaluation: Sat Oct 16 11:07:36 2021
iter =    11100/  250000, loss_seg_p = 0.142 loss_seg_y = 1.400 Convex = -4.752 Volume = -20.398 Anchor = 9.916 Place_loss = 0.032
iter =    11200/  250000, loss_seg_p = 0.020 loss_seg_y = 1.089 Convex = -4.752 Volume = -20.403 Anchor = 6.480 Place_loss = 0.006
iter =    11300/  250000, loss_seg_p = 0.107 loss_seg_y = 1.314 Convex = -4.752 Volume = -20.410 Anchor = 13.051 Place_loss = 0.030
iter =    11400/  250000, loss_seg_p = 0.038 loss_seg_y = 1.129 Convex = -4.753 Volume = -20.428 Anchor = 6.438 Place_loss = 0.017
iter =    11500/  250000, loss_seg_p = 0.030 loss_seg_y = 1.117 Convex = -4.753 Volume = -20.456 Anchor = 8.829 Place_loss = 0.009
iter =    11600/  250000, loss_seg_p = 0.064 loss_seg_y = 1.210 Convex = -4.752 Volume = -20.469 Anchor = 9.265 Place_loss = 0.021
iter =    11700/  250000, loss_seg_p = 0.015 loss_seg_y = 1.061 Convex = -4.735 Volume = -20.538 Anchor = 8.194 Place_loss = 0.008
iter =    11800/  250000, loss_seg_p = 0.018 loss_seg_y = 1.120 Convex = -4.734 Volume = -20.526 Anchor = 12.285 Place_loss = 0.007
iter =    11900/  250000, loss_seg_p = 0.050 loss_seg_y = 1.183 Convex = -4.735 Volume = -20.541 Anchor = 10.601 Place_loss = 0.016
iter =    12000/  250000, loss_seg_p = 0.024 loss_seg_y = 1.193 Convex = -4.735 Volume = -20.539 Anchor = 13.972 Place_loss = 0.010
2021-10-16 11:20:11   Begin evaluation on iter    12000/  250000  
Evaluate for testing data
===>road:	94.42
===>sidewalk:	62.34
===>building:	88.11
===>wall:	30.29
===>fence:	38.91
===>pole:	40.38
===>light:	45.57
===>sign:	58.72
===>vegetation:	88.63
===>terrain:	45.3
===>sky:	89.72
===>person:	70.63
===>rider:	44.33
===>car:	90.62
===>truck:	55.38
===>bus:	57.58
===>train:	0.0
===>motocycle:	48.08
===>bicycle:	59.21
===> mIoU: 58.33
Finish Evaluation: Sat Oct 16 11:29:52 2021
Saving model with mIoU:  58.33
iter =    12100/  250000, loss_seg_p = 0.071 loss_seg_y = 1.146 Convex = -4.735 Volume = -20.544 Anchor = 10.427 Place_loss = 0.017
iter =    12200/  250000, loss_seg_p = 0.022 loss_seg_y = 1.108 Convex = -4.736 Volume = -20.548 Anchor = 12.772 Place_loss = 0.013
iter =    12300/  250000, loss_seg_p = 0.095 loss_seg_y = 1.163 Convex = -4.736 Volume = -20.547 Anchor = 7.905 Place_loss = 0.013
iter =    12400/  250000, loss_seg_p = 0.231 loss_seg_y = 1.164 Convex = -4.736 Volume = -20.565 Anchor = 9.809 Place_loss = 0.015
iter =    12500/  250000, loss_seg_p = 0.071 loss_seg_y = 1.199 Convex = -4.735 Volume = -20.560 Anchor = 13.618 Place_loss = 0.019
iter =    12600/  250000, loss_seg_p = 0.023 loss_seg_y = 1.102 Convex = -4.735 Volume = -20.568 Anchor = 7.385 Place_loss = 0.009
iter =    12700/  250000, loss_seg_p = 0.021 loss_seg_y = 1.189 Convex = -4.734 Volume = -20.547 Anchor = 11.237 Place_loss = 0.017
iter =    12800/  250000, loss_seg_p = 0.012 loss_seg_y = 1.110 Convex = -4.734 Volume = -20.526 Anchor = 6.866 Place_loss = 0.005
iter =    12900/  250000, loss_seg_p = 0.060 loss_seg_y = 1.153 Convex = -4.735 Volume = -20.540 Anchor = 8.795 Place_loss = 0.015
iter =    13000/  250000, loss_seg_p = 0.049 loss_seg_y = 1.109 Convex = -4.735 Volume = -20.533 Anchor = 12.247 Place_loss = 0.011
2021-10-16 11:42:24   Begin evaluation on iter    13000/  250000  
Evaluate for testing data
===>road:	94.2
===>sidewalk:	61.33
===>building:	88.12
===>wall:	27.83
===>fence:	40.26
===>pole:	40.34
===>light:	45.79
===>sign:	55.91
===>vegetation:	88.79
===>terrain:	46.71
===>sky:	88.79
===>person:	70.9
===>rider:	44.11
===>car:	90.47
===>truck:	52.57
===>bus:	50.51
===>train:	0.0
===>motocycle:	47.65
===>bicycle:	58.9
===> mIoU: 57.54
Finish Evaluation: Sat Oct 16 11:52:02 2021
iter =    13100/  250000, loss_seg_p = 0.023 loss_seg_y = 1.122 Convex = -4.736 Volume = -20.542 Anchor = 8.199 Place_loss = 0.010
iter =    13200/  250000, loss_seg_p = 0.033 loss_seg_y = 1.185 Convex = -4.734 Volume = -20.499 Anchor = 13.786 Place_loss = 0.016
iter =    13300/  250000, loss_seg_p = 0.020 loss_seg_y = 1.191 Convex = -4.736 Volume = -20.541 Anchor = 8.837 Place_loss = 0.012
iter =    13400/  250000, loss_seg_p = 0.081 loss_seg_y = 1.275 Convex = -4.734 Volume = -20.514 Anchor = 11.543 Place_loss = 0.022
iter =    13500/  250000, loss_seg_p = 0.051 loss_seg_y = 1.360 Convex = -4.734 Volume = -20.513 Anchor = 9.413 Place_loss = 0.024
iter =    13600/  250000, loss_seg_p = 0.014 loss_seg_y = 1.038 Convex = -4.735 Volume = -20.522 Anchor = 9.028 Place_loss = 0.007
iter =    13700/  250000, loss_seg_p = 0.007 loss_seg_y = 1.083 Convex = -4.735 Volume = -20.524 Anchor = 8.847 Place_loss = 0.005
iter =    13800/  250000, loss_seg_p = 0.007 loss_seg_y = 1.053 Convex = -4.735 Volume = -20.520 Anchor = 10.597 Place_loss = 0.004
iter =    13900/  250000, loss_seg_p = 0.053 loss_seg_y = 1.166 Convex = -4.735 Volume = -20.527 Anchor = 18.185 Place_loss = 0.018
iter =    14000/  250000, loss_seg_p = 0.033 loss_seg_y = 1.155 Convex = -4.736 Volume = -20.535 Anchor = 8.504 Place_loss = 0.011
2021-10-16 12:04:34   Begin evaluation on iter    14000/  250000  
Evaluate for testing data
===>road:	94.19
===>sidewalk:	60.36
===>building:	88.38
===>wall:	31.08
===>fence:	38.16
===>pole:	40.92
===>light:	47.18
===>sign:	60.32
===>vegetation:	88.75
===>terrain:	46.32
===>sky:	89.68
===>person:	70.98
===>rider:	45.23
===>car:	90.26
===>truck:	50.8
===>bus:	52.28
===>train:	0.0
===>motocycle:	51.33
===>bicycle:	60.2
===> mIoU: 58.23
Finish Evaluation: Sat Oct 16 12:14:17 2021
iter =    14100/  250000, loss_seg_p = 0.011 loss_seg_y = 1.180 Convex = -4.736 Volume = -20.533 Anchor = 11.813 Place_loss = 0.009
iter =    14200/  250000, loss_seg_p = 0.013 loss_seg_y = 1.071 Convex = -4.734 Volume = -20.510 Anchor = 9.327 Place_loss = 0.006
iter =    14300/  250000, loss_seg_p = 0.086 loss_seg_y = 1.214 Convex = -4.734 Volume = -20.517 Anchor = 9.791 Place_loss = 0.014
iter =    14400/  250000, loss_seg_p = 0.029 loss_seg_y = 1.132 Convex = -4.734 Volume = -20.512 Anchor = 9.799 Place_loss = 0.011
iter =    14500/  250000, loss_seg_p = 0.029 loss_seg_y = 1.120 Convex = -4.737 Volume = -20.562 Anchor = 14.539 Place_loss = 0.014
iter =    14600/  250000, loss_seg_p = 0.057 loss_seg_y = 1.132 Convex = -4.736 Volume = -20.566 Anchor = 12.642 Place_loss = 0.010
iter =    14700/  250000, loss_seg_p = 0.035 loss_seg_y = 1.159 Convex = -4.739 Volume = -20.602 Anchor = 10.527 Place_loss = 0.015
iter =    14800/  250000, loss_seg_p = 0.025 loss_seg_y = 1.088 Convex = -4.738 Volume = -20.612 Anchor = 12.131 Place_loss = 0.009
iter =    14900/  250000, loss_seg_p = 0.049 loss_seg_y = 1.165 Convex = -4.738 Volume = -20.629 Anchor = 10.366 Place_loss = 0.016
iter =    15000/  250000, loss_seg_p = 0.034 loss_seg_y = 1.249 Convex = -4.737 Volume = -20.617 Anchor = 11.279 Place_loss = 0.017
2021-10-16 12:26:52   Begin evaluation on iter    15000/  250000  
Evaluate for testing data
===>road:	93.87
===>sidewalk:	58.37
===>building:	87.92
===>wall:	29.44
===>fence:	37.66
===>pole:	40.98
===>light:	44.02
===>sign:	58.13
===>vegetation:	88.55
===>terrain:	46.11
===>sky:	88.69
===>person:	70.63
===>rider:	44.8
===>car:	90.52
===>truck:	49.96
===>bus:	51.86
===>train:	0.0
===>motocycle:	46.74
===>bicycle:	58.48
===> mIoU: 57.2
Finish Evaluation: Sat Oct 16 12:36:32 2021
iter =    15100/  250000, loss_seg_p = 0.106 loss_seg_y = 1.412 Convex = -4.738 Volume = -20.637 Anchor = 9.832 Place_loss = 0.025
iter =    15200/  250000, loss_seg_p = 0.021 loss_seg_y = 1.241 Convex = -4.738 Volume = -20.644 Anchor = 10.998 Place_loss = 0.009
iter =    15300/  250000, loss_seg_p = 0.068 loss_seg_y = 1.269 Convex = -4.738 Volume = -20.663 Anchor = 12.617 Place_loss = 0.019
iter =    15400/  250000, loss_seg_p = 0.009 loss_seg_y = 1.109 Convex = -4.737 Volume = -20.653 Anchor = 8.276 Place_loss = 0.007
iter =    15500/  250000, loss_seg_p = 0.065 loss_seg_y = 1.188 Convex = -4.736 Volume = -20.653 Anchor = 9.402 Place_loss = 0.016
iter =    15600/  250000, loss_seg_p = 0.062 loss_seg_y = 1.149 Convex = -4.736 Volume = -20.646 Anchor = 7.920 Place_loss = 0.022
iter =    15700/  250000, loss_seg_p = 0.007 loss_seg_y = 1.100 Convex = -4.737 Volume = -20.669 Anchor = 9.044 Place_loss = 0.003
iter =    15800/  250000, loss_seg_p = 0.029 loss_seg_y = 1.247 Convex = -4.738 Volume = -20.689 Anchor = 11.541 Place_loss = 0.017
iter =    15900/  250000, loss_seg_p = 0.016 loss_seg_y = 1.106 Convex = -4.736 Volume = -20.663 Anchor = 8.322 Place_loss = 0.011
iter =    16000/  250000, loss_seg_p = 0.012 loss_seg_y = 1.110 Convex = -4.738 Volume = -20.690 Anchor = 6.696 Place_loss = 0.005
2021-10-16 12:49:06   Begin evaluation on iter    16000/  250000  
Evaluate for testing data
===>road:	94.4
===>sidewalk:	61.19
===>building:	88.07
===>wall:	29.78
===>fence:	36.75
===>pole:	40.41
===>light:	45.77
===>sign:	60.98
===>vegetation:	88.76
===>terrain:	47.05
===>sky:	88.43
===>person:	70.84
===>rider:	42.73
===>car:	90.49
===>truck:	50.75
===>bus:	57.2
===>train:	0.0
===>motocycle:	42.48
===>bicycle:	59.66
===> mIoU: 57.67
Finish Evaluation: Sat Oct 16 12:58:46 2021
iter =    16100/  250000, loss_seg_p = 0.020 loss_seg_y = 1.142 Convex = -4.737 Volume = -20.682 Anchor = 9.157 Place_loss = 0.010
iter =    16200/  250000, loss_seg_p = 0.025 loss_seg_y = 1.162 Convex = -4.737 Volume = -20.680 Anchor = 10.015 Place_loss = 0.011
iter =    16300/  250000, loss_seg_p = 0.019 loss_seg_y = 1.085 Convex = -4.737 Volume = -20.671 Anchor = 11.257 Place_loss = 0.007
iter =    16400/  250000, loss_seg_p = 0.023 loss_seg_y = 1.147 Convex = -4.736 Volume = -20.653 Anchor = 15.153 Place_loss = 0.012
iter =    16500/  250000, loss_seg_p = 0.236 loss_seg_y = 1.482 Convex = -4.736 Volume = -20.658 Anchor = 10.543 Place_loss = 0.049
iter =    16600/  250000, loss_seg_p = 0.048 loss_seg_y = 1.351 Convex = -4.736 Volume = -20.652 Anchor = 12.437 Place_loss = 0.021
iter =    16700/  250000, loss_seg_p = 0.025 loss_seg_y = 1.178 Convex = -4.736 Volume = -20.665 Anchor = 10.232 Place_loss = 0.014
iter =    16800/  250000, loss_seg_p = 0.042 loss_seg_y = 1.309 Convex = -4.736 Volume = -20.656 Anchor = 12.364 Place_loss = 0.010
iter =    16900/  250000, loss_seg_p = 0.026 loss_seg_y = 1.119 Convex = -4.735 Volume = -20.651 Anchor = 12.188 Place_loss = 0.004
iter =    17000/  250000, loss_seg_p = 0.020 loss_seg_y = 1.106 Convex = -4.736 Volume = -20.658 Anchor = 10.249 Place_loss = 0.006
2021-10-16 13:11:20   Begin evaluation on iter    17000/  250000  
Evaluate for testing data
===>road:	94.33
===>sidewalk:	61.09
===>building:	88.16
===>wall:	28.99
===>fence:	39.36
===>pole:	39.99
===>light:	45.83
===>sign:	59.64
===>vegetation:	88.47
===>terrain:	45.17
===>sky:	88.69
===>person:	70.87
===>rider:	43.22
===>car:	90.17
===>truck:	46.15
===>bus:	55.69
===>train:	0.0
===>motocycle:	43.52
===>bicycle:	58.61
===> mIoU: 57.26
Finish Evaluation: Sat Oct 16 13:20:57 2021
iter =    17100/  250000, loss_seg_p = 0.009 loss_seg_y = 1.116 Convex = -4.735 Volume = -20.648 Anchor = 11.409 Place_loss = 0.007
iter =    17200/  250000, loss_seg_p = 0.014 loss_seg_y = 1.114 Convex = -4.736 Volume = -20.654 Anchor = 9.416 Place_loss = 0.005
iter =    17300/  250000, loss_seg_p = 0.005 loss_seg_y = 1.086 Convex = -4.735 Volume = -20.643 Anchor = 8.071 Place_loss = 0.004
iter =    17400/  250000, loss_seg_p = 0.025 loss_seg_y = 1.151 Convex = -4.735 Volume = -20.642 Anchor = 13.848 Place_loss = 0.013
iter =    17500/  250000, loss_seg_p = 0.011 loss_seg_y = 1.117 Convex = -4.736 Volume = -20.648 Anchor = 11.821 Place_loss = 0.007
iter =    17600/  250000, loss_seg_p = 0.033 loss_seg_y = 1.195 Convex = -4.736 Volume = -20.657 Anchor = 13.013 Place_loss = 0.011
iter =    17700/  250000, loss_seg_p = 0.020 loss_seg_y = 1.069 Convex = -4.735 Volume = -20.637 Anchor = 11.239 Place_loss = 0.008
iter =    17800/  250000, loss_seg_p = 0.014 loss_seg_y = 1.110 Convex = -4.735 Volume = -20.635 Anchor = 9.206 Place_loss = 0.005
iter =    17900/  250000, loss_seg_p = 0.015 loss_seg_y = 1.126 Convex = -4.736 Volume = -20.656 Anchor = 8.506 Place_loss = 0.008
iter =    18000/  250000, loss_seg_p = 0.047 loss_seg_y = 1.239 Convex = -4.735 Volume = -20.633 Anchor = 9.173 Place_loss = 0.019
2021-10-16 13:33:29   Begin evaluation on iter    18000/  250000  
Evaluate for testing data
===>road:	93.98
===>sidewalk:	59.6
===>building:	88.26
===>wall:	31.86
===>fence:	39.67
===>pole:	41.1
===>light:	46.64
===>sign:	56.36
===>vegetation:	88.5
===>terrain:	45.48
===>sky:	88.45
===>person:	71.28
===>rider:	44.23
===>car:	90.28
===>truck:	47.93
===>bus:	57.54
===>train:	0.0
===>motocycle:	49.71
===>bicycle:	59.05
===> mIoU: 57.89
Finish Evaluation: Sat Oct 16 13:43:07 2021
iter =    18100/  250000, loss_seg_p = 0.011 loss_seg_y = 1.134 Convex = -4.736 Volume = -20.646 Anchor = 13.847 Place_loss = 0.010
iter =    18200/  250000, loss_seg_p = 0.016 loss_seg_y = 1.092 Convex = -4.736 Volume = -20.659 Anchor = 8.785 Place_loss = 0.009
iter =    18300/  250000, loss_seg_p = 0.024 loss_seg_y = 1.192 Convex = -4.735 Volume = -20.642 Anchor = 8.569 Place_loss = 0.016
iter =    18400/  250000, loss_seg_p = 0.134 loss_seg_y = 1.165 Convex = -4.735 Volume = -20.637 Anchor = 8.936 Place_loss = 0.016
iter =    18500/  250000, loss_seg_p = 0.009 loss_seg_y = 1.155 Convex = -4.736 Volume = -20.643 Anchor = 9.660 Place_loss = 0.012
iter =    18600/  250000, loss_seg_p = 0.087 loss_seg_y = 1.289 Convex = -4.736 Volume = -20.637 Anchor = 10.000 Place_loss = 0.011
iter =    18700/  250000, loss_seg_p = 0.054 loss_seg_y = 1.172 Convex = -4.736 Volume = -20.641 Anchor = 14.074 Place_loss = 0.017
iter =    18800/  250000, loss_seg_p = 0.029 loss_seg_y = 1.166 Convex = -4.736 Volume = -20.639 Anchor = 10.439 Place_loss = 0.014
iter =    18900/  250000, loss_seg_p = 0.006 loss_seg_y = 1.085 Convex = -4.735 Volume = -20.623 Anchor = 9.073 Place_loss = 0.006
iter =    19000/  250000, loss_seg_p = 0.028 loss_seg_y = 1.164 Convex = -4.736 Volume = -20.638 Anchor = 12.060 Place_loss = 0.014
2021-10-16 13:55:41   Begin evaluation on iter    19000/  250000  
Evaluate for testing data
===>road:	94.37
===>sidewalk:	61.51
===>building:	88.26
===>wall:	27.7
===>fence:	38.91
===>pole:	39.71
===>light:	46.25
===>sign:	57.65
===>vegetation:	88.75
===>terrain:	45.28
===>sky:	89.68
===>person:	70.81
===>rider:	43.97
===>car:	90.57
===>truck:	55.48
===>bus:	60.31
===>train:	0.0
===>motocycle:	47.98
===>bicycle:	58.81
===> mIoU: 58.21
Finish Evaluation: Sat Oct 16 14:05:13 2021
iter =    19100/  250000, loss_seg_p = 0.027 loss_seg_y = 1.113 Convex = -4.735 Volume = -20.632 Anchor = 9.826 Place_loss = 0.011
iter =    19200/  250000, loss_seg_p = 0.014 loss_seg_y = 1.096 Convex = -4.736 Volume = -20.632 Anchor = 8.053 Place_loss = 0.008
iter =    19300/  250000, loss_seg_p = 0.023 loss_seg_y = 1.158 Convex = -4.736 Volume = -20.638 Anchor = 10.833 Place_loss = 0.007
iter =    19400/  250000, loss_seg_p = 0.010 loss_seg_y = 1.054 Convex = -4.735 Volume = -20.617 Anchor = 11.118 Place_loss = 0.008
iter =    19500/  250000, loss_seg_p = 0.021 loss_seg_y = 1.159 Convex = -4.735 Volume = -20.621 Anchor = 13.368 Place_loss = 0.010
iter =    19600/  250000, loss_seg_p = 0.022 loss_seg_y = 1.132 Convex = -4.736 Volume = -20.628 Anchor = 11.404 Place_loss = 0.008
iter =    19700/  250000, loss_seg_p = 0.054 loss_seg_y = 1.290 Convex = -4.736 Volume = -20.634 Anchor = 8.956 Place_loss = 0.025
iter =    19800/  250000, loss_seg_p = 0.061 loss_seg_y = 1.198 Convex = -4.737 Volume = -20.637 Anchor = 9.668 Place_loss = 0.016
iter =    19900/  250000, loss_seg_p = 0.009 loss_seg_y = 1.085 Convex = -4.735 Volume = -20.619 Anchor = 10.619 Place_loss = 0.005
iter =    20000/  250000, loss_seg_p = 0.015 loss_seg_y = 1.050 Convex = -4.737 Volume = -20.649 Anchor = 10.712 Place_loss = 0.006
2021-10-16 14:17:28   Begin evaluation on iter    20000/  250000  
Evaluate for testing data
===>road:	94.02
===>sidewalk:	59.08
===>building:	88.1
===>wall:	25.25
===>fence:	37.07
===>pole:	39.91
===>light:	46.77
===>sign:	57.96
===>vegetation:	88.56
===>terrain:	46.92
===>sky:	89.48
===>person:	70.42
===>rider:	43.64
===>car:	90.24
===>truck:	53.45
===>bus:	58.6
===>train:	0.0
===>motocycle:	47.63
===>bicycle:	59.37
===> mIoU: 57.71
Finish Evaluation: Sat Oct 16 14:26:58 2021
iter =    20100/  250000, loss_seg_p = 0.068 loss_seg_y = 1.172 Convex = -4.736 Volume = -20.637 Anchor = 8.815 Place_loss = 0.008
iter =    20200/  250000, loss_seg_p = 0.004 loss_seg_y = 1.149 Convex = -4.737 Volume = -20.653 Anchor = 4.730 Place_loss = 0.003
iter =    20300/  250000, loss_seg_p = 0.018 loss_seg_y = 1.144 Convex = -4.736 Volume = -20.641 Anchor = 9.243 Place_loss = 0.013
iter =    20400/  250000, loss_seg_p = 0.044 loss_seg_y = 1.156 Convex = -4.737 Volume = -20.664 Anchor = 15.242 Place_loss = 0.011
iter =    20500/  250000, loss_seg_p = 0.057 loss_seg_y = 1.198 Convex = -4.737 Volume = -20.661 Anchor = 10.655 Place_loss = 0.014
iter =    20600/  250000, loss_seg_p = 0.020 loss_seg_y = 1.056 Convex = -4.737 Volume = -20.662 Anchor = 9.384 Place_loss = 0.007
iter =    20700/  250000, loss_seg_p = 0.005 loss_seg_y = 1.130 Convex = -4.736 Volume = -20.653 Anchor = 8.989 Place_loss = 0.006
iter =    20800/  250000, loss_seg_p = 0.019 loss_seg_y = 1.171 Convex = -4.736 Volume = -20.654 Anchor = 10.702 Place_loss = 0.009
iter =    20900/  250000, loss_seg_p = 0.034 loss_seg_y = 1.120 Convex = -4.738 Volume = -20.670 Anchor = 11.237 Place_loss = 0.010
iter =    21000/  250000, loss_seg_p = 0.012 loss_seg_y = 1.128 Convex = -4.739 Volume = -20.686 Anchor = 12.627 Place_loss = 0.006
2021-10-16 14:39:30   Begin evaluation on iter    21000/  250000  
Evaluate for testing data
===>road:	93.95
===>sidewalk:	59.17
===>building:	88.13
===>wall:	26.43
===>fence:	40.27
===>pole:	37.74
===>light:	45.29
===>sign:	58.2
===>vegetation:	88.74
===>terrain:	47.57
===>sky:	89.05
===>person:	71.06
===>rider:	44.34
===>car:	90.15
===>truck:	54.9
===>bus:	58.54
===>train:	0.0
===>motocycle:	47.3
===>bicycle:	58.88
===> mIoU: 57.88
Finish Evaluation: Sat Oct 16 14:49:07 2021
iter =    21100/  250000, loss_seg_p = 0.020 loss_seg_y = 1.109 Convex = -4.736 Volume = -20.662 Anchor = 11.507 Place_loss = 0.010
iter =    21200/  250000, loss_seg_p = 0.014 loss_seg_y = 1.142 Convex = -4.737 Volume = -20.673 Anchor = 9.779 Place_loss = 0.011
iter =    21300/  250000, loss_seg_p = 0.022 loss_seg_y = 1.101 Convex = -4.736 Volume = -20.666 Anchor = 10.532 Place_loss = 0.011
iter =    21400/  250000, loss_seg_p = 0.016 loss_seg_y = 1.076 Convex = -4.736 Volume = -20.666 Anchor = 9.797 Place_loss = 0.007
iter =    21500/  250000, loss_seg_p = 0.011 loss_seg_y = 1.101 Convex = -4.737 Volume = -20.688 Anchor = 9.982 Place_loss = 0.009
iter =    21600/  250000, loss_seg_p = 0.021 loss_seg_y = 1.183 Convex = -4.735 Volume = -20.653 Anchor = 10.502 Place_loss = 0.015
iter =    21700/  250000, loss_seg_p = 0.018 loss_seg_y = 1.137 Convex = -4.736 Volume = -20.662 Anchor = 12.188 Place_loss = 0.010
iter =    21800/  250000, loss_seg_p = 0.025 loss_seg_y = 1.308 Convex = -4.737 Volume = -20.672 Anchor = 6.953 Place_loss = 0.011
iter =    21900/  250000, loss_seg_p = 0.006 loss_seg_y = 1.097 Convex = -4.737 Volume = -20.663 Anchor = 9.459 Place_loss = 0.002
iter =    22000/  250000, loss_seg_p = 0.010 loss_seg_y = 1.157 Convex = -4.735 Volume = -20.640 Anchor = 11.579 Place_loss = 0.007
2021-10-16 15:01:37   Begin evaluation on iter    22000/  250000  
Evaluate for testing data
===>road:	94.19
===>sidewalk:	60.14
===>building:	88.35
===>wall:	29.42
===>fence:	38.57
===>pole:	40.84
===>light:	47.1
===>sign:	59.77
===>vegetation:	88.72
===>terrain:	46.64
===>sky:	89.29
===>person:	71.26
===>rider:	44.32
===>car:	90.71
===>truck:	57.58
===>bus:	57.87
===>train:	0.0
===>motocycle:	47.77
===>bicycle:	58.83
===> mIoU: 58.49
Finish Evaluation: Sat Oct 16 15:11:18 2021
Saving model with mIoU:  58.49
iter =    22100/  250000, loss_seg_p = 0.031 loss_seg_y = 1.115 Convex = -4.736 Volume = -20.647 Anchor = 10.993 Place_loss = 0.010
iter =    22200/  250000, loss_seg_p = 0.010 loss_seg_y = 1.057 Convex = -4.737 Volume = -20.664 Anchor = 8.281 Place_loss = 0.007
iter =    22300/  250000, loss_seg_p = 0.007 loss_seg_y = 1.073 Convex = -4.737 Volume = -20.667 Anchor = 8.391 Place_loss = 0.005
iter =    22400/  250000, loss_seg_p = 0.040 loss_seg_y = 1.148 Convex = -4.737 Volume = -20.670 Anchor = 10.711 Place_loss = 0.014
iter =    22500/  250000, loss_seg_p = 0.030 loss_seg_y = 1.105 Convex = -4.738 Volume = -20.701 Anchor = 11.601 Place_loss = 0.009
iter =    22600/  250000, loss_seg_p = 0.009 loss_seg_y = 1.149 Convex = -4.737 Volume = -20.682 Anchor = 5.568 Place_loss = 0.005
iter =    22700/  250000, loss_seg_p = 0.027 loss_seg_y = 1.162 Convex = -4.735 Volume = -20.655 Anchor = 10.167 Place_loss = 0.012
iter =    22800/  250000, loss_seg_p = 0.039 loss_seg_y = 1.121 Convex = -4.737 Volume = -20.679 Anchor = 11.843 Place_loss = 0.007
iter =    22900/  250000, loss_seg_p = 0.034 loss_seg_y = 1.076 Convex = -4.739 Volume = -20.708 Anchor = 7.624 Place_loss = 0.004
iter =    23000/  250000, loss_seg_p = 0.014 loss_seg_y = 1.109 Convex = -4.739 Volume = -20.718 Anchor = 9.309 Place_loss = 0.006
2021-10-16 15:23:52   Begin evaluation on iter    23000/  250000  
Evaluate for testing data
===>road:	94.08
===>sidewalk:	60.66
===>building:	88.12
===>wall:	27.35
===>fence:	39.85
===>pole:	40.44
===>light:	46.29
===>sign:	61.34
===>vegetation:	88.53
===>terrain:	46.56
===>sky:	89.26
===>person:	71.27
===>rider:	44.59
===>car:	90.58
===>truck:	58.76
===>bus:	58.18
===>train:	0.0
===>motocycle:	49.0
===>bicycle:	59.82
===> mIoU: 58.67
Finish Evaluation: Sat Oct 16 15:33:31 2021
Saving model with mIoU:  58.67
iter =    23100/  250000, loss_seg_p = 0.015 loss_seg_y = 1.121 Convex = -4.737 Volume = -20.698 Anchor = 8.335 Place_loss = 0.007
iter =    23200/  250000, loss_seg_p = 0.015 loss_seg_y = 1.124 Convex = -4.738 Volume = -20.714 Anchor = 8.561 Place_loss = 0.007
iter =    23300/  250000, loss_seg_p = 0.016 loss_seg_y = 1.175 Convex = -4.738 Volume = -20.716 Anchor = 14.804 Place_loss = 0.010
iter =    23400/  250000, loss_seg_p = 0.011 loss_seg_y = 1.149 Convex = -4.737 Volume = -20.701 Anchor = 11.612 Place_loss = 0.009
iter =    23500/  250000, loss_seg_p = 0.014 loss_seg_y = 1.111 Convex = -4.739 Volume = -20.723 Anchor = 8.344 Place_loss = 0.007
iter =    23600/  250000, loss_seg_p = 0.006 loss_seg_y = 1.086 Convex = -4.738 Volume = -20.713 Anchor = 11.103 Place_loss = 0.005
iter =    23700/  250000, loss_seg_p = 0.015 loss_seg_y = 1.128 Convex = -4.738 Volume = -20.726 Anchor = 8.291 Place_loss = 0.005
iter =    23800/  250000, loss_seg_p = 0.037 loss_seg_y = 1.226 Convex = -4.736 Volume = -20.703 Anchor = 9.499 Place_loss = 0.010
iter =    23900/  250000, loss_seg_p = 0.018 loss_seg_y = 1.259 Convex = -4.739 Volume = -20.728 Anchor = 11.560 Place_loss = 0.016
iter =    24000/  250000, loss_seg_p = 0.012 loss_seg_y = 1.163 Convex = -4.737 Volume = -20.711 Anchor = 8.296 Place_loss = 0.011
2021-10-16 15:46:05   Begin evaluation on iter    24000/  250000  
Evaluate for testing data
===>road:	94.13
===>sidewalk:	59.73
===>building:	88.23
===>wall:	26.47
===>fence:	39.39
===>pole:	40.51
===>light:	46.23
===>sign:	60.29
===>vegetation:	88.81
===>terrain:	47.5
===>sky:	89.66
===>person:	71.23
===>rider:	43.81
===>car:	90.4
===>truck:	54.6
===>bus:	57.39
===>train:	0.0
===>motocycle:	48.03
===>bicycle:	57.57
===> mIoU: 58.1
Finish Evaluation: Sat Oct 16 15:55:48 2021
iter =    24100/  250000, loss_seg_p = 0.007 loss_seg_y = 1.105 Convex = -4.737 Volume = -20.726 Anchor = 11.002 Place_loss = 0.005
iter =    24200/  250000, loss_seg_p = 0.030 loss_seg_y = 1.127 Convex = -4.737 Volume = -20.714 Anchor = 8.675 Place_loss = 0.009
iter =    24300/  250000, loss_seg_p = 0.037 loss_seg_y = 1.154 Convex = -4.737 Volume = -20.710 Anchor = 8.281 Place_loss = 0.011
iter =    24400/  250000, loss_seg_p = 0.019 loss_seg_y = 1.148 Convex = -4.738 Volume = -20.714 Anchor = 9.684 Place_loss = 0.011
iter =    24500/  250000, loss_seg_p = 0.010 loss_seg_y = 1.152 Convex = -4.738 Volume = -20.709 Anchor = 11.399 Place_loss = 0.010
iter =    24600/  250000, loss_seg_p = 0.005 loss_seg_y = 1.101 Convex = -4.737 Volume = -20.703 Anchor = 10.318 Place_loss = 0.006
iter =    24700/  250000, loss_seg_p = 0.009 loss_seg_y = 1.123 Convex = -4.737 Volume = -20.705 Anchor = 15.016 Place_loss = 0.007
iter =    24800/  250000, loss_seg_p = 0.024 loss_seg_y = 1.094 Convex = -4.735 Volume = -20.693 Anchor = 13.735 Place_loss = 0.007
iter =    24900/  250000, loss_seg_p = 0.019 loss_seg_y = 1.147 Convex = -4.735 Volume = -20.685 Anchor = 8.175 Place_loss = 0.007
iter =    25000/  250000, loss_seg_p = 0.012 loss_seg_y = 1.150 Convex = -4.736 Volume = -20.698 Anchor = 10.489 Place_loss = 0.008
2021-10-16 16:08:26   Begin evaluation on iter    25000/  250000  
Evaluate for testing data
===>road:	94.17
===>sidewalk:	59.93
===>building:	88.24
===>wall:	26.93
===>fence:	38.57
===>pole:	40.1
===>light:	46.47
===>sign:	59.05
===>vegetation:	88.73
===>terrain:	43.89
===>sky:	89.6
===>person:	71.14
===>rider:	42.46
===>car:	90.6
===>truck:	54.79
===>bus:	59.47
===>train:	0.0
===>motocycle:	49.52
===>bicycle:	59.63
===> mIoU: 58.07
Finish Evaluation: Sat Oct 16 16:18:08 2021
iter =    25100/  250000, loss_seg_p = 0.041 loss_seg_y = 1.234 Convex = -4.737 Volume = -20.719 Anchor = 11.199 Place_loss = 0.016
iter =    25200/  250000, loss_seg_p = 0.014 loss_seg_y = 1.166 Convex = -4.738 Volume = -20.723 Anchor = 12.253 Place_loss = 0.012
iter =    25300/  250000, loss_seg_p = 0.014 loss_seg_y = 1.118 Convex = -4.738 Volume = -20.751 Anchor = 9.796 Place_loss = 0.007
iter =    25400/  250000, loss_seg_p = 0.117 loss_seg_y = 1.301 Convex = -4.738 Volume = -20.752 Anchor = 10.906 Place_loss = 0.018
iter =    25500/  250000, loss_seg_p = 0.009 loss_seg_y = 1.093 Convex = -4.736 Volume = -20.731 Anchor = 7.861 Place_loss = 0.004
iter =    25600/  250000, loss_seg_p = 0.020 loss_seg_y = 1.137 Convex = -4.737 Volume = -20.756 Anchor = 8.740 Place_loss = 0.009
iter =    25700/  250000, loss_seg_p = 0.006 loss_seg_y = 1.159 Convex = -4.738 Volume = -20.763 Anchor = 11.424 Place_loss = 0.007
iter =    25800/  250000, loss_seg_p = 0.012 loss_seg_y = 1.086 Convex = -4.738 Volume = -20.759 Anchor = 6.799 Place_loss = 0.006
iter =    25900/  250000, loss_seg_p = 0.009 loss_seg_y = 1.106 Convex = -4.736 Volume = -20.743 Anchor = 9.438 Place_loss = 0.006
iter =    26000/  250000, loss_seg_p = 0.024 loss_seg_y = 1.146 Convex = -4.736 Volume = -20.742 Anchor = 14.286 Place_loss = 0.007
2021-10-16 16:30:42   Begin evaluation on iter    26000/  250000  
Evaluate for testing data
===>road:	93.9
===>sidewalk:	58.74
===>building:	88.27
===>wall:	28.24
===>fence:	39.67
===>pole:	39.43
===>light:	47.19
===>sign:	59.76
===>vegetation:	88.42
===>terrain:	46.86
===>sky:	89.42
===>person:	71.42
===>rider:	44.19
===>car:	90.38
===>truck:	56.83
===>bus:	56.42
===>train:	0.0
===>motocycle:	48.99
===>bicycle:	59.73
===> mIoU: 58.31
Finish Evaluation: Sat Oct 16 16:40:24 2021
iter =    26100/  250000, loss_seg_p = 0.029 loss_seg_y = 1.192 Convex = -4.737 Volume = -20.767 Anchor = 12.213 Place_loss = 0.013
iter =    26200/  250000, loss_seg_p = 0.011 loss_seg_y = 1.156 Convex = -4.737 Volume = -20.758 Anchor = 10.756 Place_loss = 0.009
iter =    26300/  250000, loss_seg_p = 0.006 loss_seg_y = 1.063 Convex = -4.737 Volume = -20.756 Anchor = 8.934 Place_loss = 0.003
iter =    26400/  250000, loss_seg_p = 0.101 loss_seg_y = 1.211 Convex = -4.737 Volume = -20.767 Anchor = 11.398 Place_loss = 0.018
iter =    26500/  250000, loss_seg_p = 0.012 loss_seg_y = 1.148 Convex = -4.737 Volume = -20.767 Anchor = 12.289 Place_loss = 0.005
iter =    26600/  250000, loss_seg_p = 0.006 loss_seg_y = 1.094 Convex = -4.736 Volume = -20.762 Anchor = 9.638 Place_loss = 0.004
iter =    26700/  250000, loss_seg_p = 0.069 loss_seg_y = 1.309 Convex = -4.739 Volume = -20.801 Anchor = 11.861 Place_loss = 0.021
iter =    26800/  250000, loss_seg_p = 0.009 loss_seg_y = 1.138 Convex = -4.737 Volume = -20.777 Anchor = 8.047 Place_loss = 0.006
iter =    26900/  250000, loss_seg_p = 0.008 loss_seg_y = 1.163 Convex = -4.738 Volume = -20.799 Anchor = 6.046 Place_loss = 0.005
iter =    27000/  250000, loss_seg_p = 0.007 loss_seg_y = 1.094 Convex = -4.737 Volume = -20.775 Anchor = 7.347 Place_loss = 0.005
2021-10-16 16:52:59   Begin evaluation on iter    27000/  250000  
Evaluate for testing data
===>road:	94.26
===>sidewalk:	60.53
===>building:	88.2
===>wall:	28.62
===>fence:	38.48
===>pole:	39.09
===>light:	46.43
===>sign:	60.76
===>vegetation:	88.65
===>terrain:	46.48
===>sky:	89.19
===>person:	71.14
===>rider:	44.57
===>car:	90.45
===>truck:	56.33
===>bus:	58.73
===>train:	0.0
===>motocycle:	48.75
===>bicycle:	59.25
===> mIoU: 58.42
Finish Evaluation: Sat Oct 16 17:02:42 2021
iter =    27100/  250000, loss_seg_p = 0.023 loss_seg_y = 1.204 Convex = -4.738 Volume = -20.797 Anchor = 10.631 Place_loss = 0.009
iter =    27200/  250000, loss_seg_p = 0.013 loss_seg_y = 1.159 Convex = -4.738 Volume = -20.805 Anchor = 8.806 Place_loss = 0.007
iter =    27300/  250000, loss_seg_p = 0.037 loss_seg_y = 1.405 Convex = -4.738 Volume = -20.812 Anchor = 10.172 Place_loss = 0.020
iter =    27400/  250000, loss_seg_p = 0.022 loss_seg_y = 1.180 Convex = -4.738 Volume = -20.808 Anchor = 8.542 Place_loss = 0.012
iter =    27500/  250000, loss_seg_p = 0.010 loss_seg_y = 1.121 Convex = -4.738 Volume = -20.804 Anchor = 15.240 Place_loss = 0.008
iter =    27600/  250000, loss_seg_p = 0.013 loss_seg_y = 1.187 Convex = -4.737 Volume = -20.801 Anchor = 10.800 Place_loss = 0.008
iter =    27700/  250000, loss_seg_p = 0.005 loss_seg_y = 1.170 Convex = -4.738 Volume = -20.806 Anchor = 11.078 Place_loss = 0.006
iter =    27800/  250000, loss_seg_p = 0.019 loss_seg_y = 1.174 Convex = -4.737 Volume = -20.805 Anchor = 10.876 Place_loss = 0.009
iter =    27900/  250000, loss_seg_p = 0.029 loss_seg_y = 1.194 Convex = -4.738 Volume = -20.810 Anchor = 9.879 Place_loss = 0.010
iter =    28000/  250000, loss_seg_p = 0.009 loss_seg_y = 1.107 Convex = -4.737 Volume = -20.807 Anchor = 8.629 Place_loss = 0.004
2021-10-16 17:15:17   Begin evaluation on iter    28000/  250000  
Evaluate for testing data
===>road:	94.17
===>sidewalk:	60.54
===>building:	88.17
===>wall:	29.9
===>fence:	37.85
===>pole:	40.72
===>light:	45.72
===>sign:	60.66
===>vegetation:	88.83
===>terrain:	47.95
===>sky:	88.52
===>person:	71.08
===>rider:	44.4
===>car:	90.08
===>truck:	49.67
===>bus:	59.1
===>train:	0.0
===>motocycle:	48.18
===>bicycle:	59.94
===> mIoU: 58.18
Finish Evaluation: Sat Oct 16 17:24:58 2021
iter =    28100/  250000, loss_seg_p = 0.007 loss_seg_y = 1.153 Convex = -4.738 Volume = -20.829 Anchor = 7.707 Place_loss = 0.007
iter =    28200/  250000, loss_seg_p = 0.005 loss_seg_y = 1.126 Convex = -4.738 Volume = -20.827 Anchor = 8.083 Place_loss = 0.005
iter =    28300/  250000, loss_seg_p = 0.009 loss_seg_y = 1.113 Convex = -4.739 Volume = -20.851 Anchor = 9.922 Place_loss = 0.005
iter =    28400/  250000, loss_seg_p = 0.007 loss_seg_y = 1.136 Convex = -4.739 Volume = -20.848 Anchor = 13.168 Place_loss = 0.007
iter =    28500/  250000, loss_seg_p = 0.013 loss_seg_y = 1.159 Convex = -4.738 Volume = -20.847 Anchor = 11.729 Place_loss = 0.008
iter =    28600/  250000, loss_seg_p = 0.263 loss_seg_y = 1.257 Convex = -4.737 Volume = -20.842 Anchor = 14.090 Place_loss = 0.013
iter =    28700/  250000, loss_seg_p = 0.028 loss_seg_y = 1.269 Convex = -4.737 Volume = -20.845 Anchor = 9.949 Place_loss = 0.011
iter =    28800/  250000, loss_seg_p = 0.007 loss_seg_y = 1.132 Convex = -4.739 Volume = -20.872 Anchor = 10.576 Place_loss = 0.004
iter =    28900/  250000, loss_seg_p = 0.011 loss_seg_y = 1.157 Convex = -4.740 Volume = -20.879 Anchor = 13.846 Place_loss = 0.007
iter =    29000/  250000, loss_seg_p = 0.012 loss_seg_y = 1.161 Convex = -4.739 Volume = -20.866 Anchor = 10.035 Place_loss = 0.009
2021-10-16 17:37:31   Begin evaluation on iter    29000/  250000  
Evaluate for testing data
===>road:	94.18
===>sidewalk:	60.83
===>building:	88.2
===>wall:	27.13
===>fence:	39.62
===>pole:	39.79
===>light:	46.47
===>sign:	57.81
===>vegetation:	88.83
===>terrain:	47.01
===>sky:	88.93
===>person:	70.77
===>rider:	44.54
===>car:	90.78
===>truck:	56.9
===>bus:	59.87
===>train:	0.0
===>motocycle:	41.36
===>bicycle:	58.14
===> mIoU: 57.96
Finish Evaluation: Sat Oct 16 17:47:14 2021
iter =    29100/  250000, loss_seg_p = 0.013 loss_seg_y = 1.147 Convex = -4.739 Volume = -20.875 Anchor = 9.496 Place_loss = 0.006
iter =    29200/  250000, loss_seg_p = 0.020 loss_seg_y = 1.130 Convex = -4.739 Volume = -20.871 Anchor = 10.722 Place_loss = 0.007
iter =    29300/  250000, loss_seg_p = 0.004 loss_seg_y = 1.141 Convex = -4.738 Volume = -20.866 Anchor = 11.050 Place_loss = 0.005
iter =    29400/  250000, loss_seg_p = 0.007 loss_seg_y = 1.131 Convex = -4.737 Volume = -20.860 Anchor = 10.465 Place_loss = 0.005
iter =    29500/  250000, loss_seg_p = 0.008 loss_seg_y = 1.128 Convex = -4.737 Volume = -20.859 Anchor = 9.036 Place_loss = 0.005
iter =    29600/  250000, loss_seg_p = 0.012 loss_seg_y = 1.128 Convex = -4.739 Volume = -20.888 Anchor = 11.652 Place_loss = 0.008
iter =    29700/  250000, loss_seg_p = 0.008 loss_seg_y = 1.143 Convex = -4.739 Volume = -20.892 Anchor = 14.944 Place_loss = 0.007
iter =    29800/  250000, loss_seg_p = 0.014 loss_seg_y = 1.106 Convex = -4.741 Volume = -20.907 Anchor = 9.257 Place_loss = 0.006
iter =    29900/  250000, loss_seg_p = 0.010 loss_seg_y = 1.128 Convex = -4.738 Volume = -20.875 Anchor = 11.566 Place_loss = 0.007
iter =    30000/  250000, loss_seg_p = 0.012 loss_seg_y = 1.147 Convex = -4.739 Volume = -20.891 Anchor = 12.168 Place_loss = 0.007
2021-10-16 17:59:51   Begin evaluation on iter    30000/  250000  
Evaluate for testing data
===>road:	94.45
===>sidewalk:	61.41
===>building:	88.24
===>wall:	29.06
===>fence:	39.53
===>pole:	40.28
===>light:	45.54
===>sign:	58.66
===>vegetation:	88.52
===>terrain:	46.35
===>sky:	89.72
===>person:	70.9
===>rider:	44.03
===>car:	90.38
===>truck:	52.17
===>bus:	60.75
===>train:	0.0
===>motocycle:	51.23
===>bicycle:	60.62
===> mIoU: 58.52
Finish Evaluation: Sat Oct 16 18:09:34 2021
iter =    30100/  250000, loss_seg_p = 0.006 loss_seg_y = 1.130 Convex = -4.740 Volume = -20.899 Anchor = 13.870 Place_loss = 0.005
iter =    30200/  250000, loss_seg_p = 0.008 loss_seg_y = 1.176 Convex = -4.738 Volume = -20.891 Anchor = 10.348 Place_loss = 0.007
iter =    30300/  250000, loss_seg_p = 0.011 loss_seg_y = 1.217 Convex = -4.740 Volume = -20.912 Anchor = 12.621 Place_loss = 0.008
iter =    30400/  250000, loss_seg_p = 0.003 loss_seg_y = 1.103 Convex = -4.739 Volume = -20.894 Anchor = 7.218 Place_loss = 0.003
iter =    30500/  250000, loss_seg_p = 0.014 loss_seg_y = 1.191 Convex = -4.741 Volume = -20.912 Anchor = 9.300 Place_loss = 0.006
iter =    30600/  250000, loss_seg_p = 0.012 loss_seg_y = 1.174 Convex = -4.743 Volume = -20.944 Anchor = 9.654 Place_loss = 0.006
iter =    30700/  250000, loss_seg_p = 0.023 loss_seg_y = 1.217 Convex = -4.739 Volume = -20.898 Anchor = 10.557 Place_loss = 0.011
iter =    30800/  250000, loss_seg_p = 0.045 loss_seg_y = 1.199 Convex = -4.741 Volume = -20.925 Anchor = 12.591 Place_loss = 0.013
iter =    30900/  250000, loss_seg_p = 0.024 loss_seg_y = 1.220 Convex = -4.739 Volume = -20.900 Anchor = 10.014 Place_loss = 0.015
iter =    31000/  250000, loss_seg_p = 0.013 loss_seg_y = 1.165 Convex = -4.738 Volume = -20.874 Anchor = 10.770 Place_loss = 0.006
2021-10-16 18:22:09   Begin evaluation on iter    31000/  250000  
Evaluate for testing data
===>road:	94.43
===>sidewalk:	62.01
===>building:	88.33
===>wall:	28.89
===>fence:	40.2
===>pole:	39.89
===>light:	46.42
===>sign:	60.43
===>vegetation:	88.67
===>terrain:	46.51
===>sky:	89.51
===>person:	71.24
===>rider:	44.13
===>car:	90.26
===>truck:	51.95
===>bus:	59.37
===>train:	0.0
===>motocycle:	50.02
===>bicycle:	59.51
===> mIoU: 58.52
Finish Evaluation: Sat Oct 16 18:31:51 2021
iter =    31100/  250000, loss_seg_p = 0.014 loss_seg_y = 1.192 Convex = -4.739 Volume = -20.874 Anchor = 9.638 Place_loss = 0.006
iter =    31200/  250000, loss_seg_p = 0.027 loss_seg_y = 1.218 Convex = -4.740 Volume = -20.905 Anchor = 11.797 Place_loss = 0.009
iter =    31300/  250000, loss_seg_p = 0.010 loss_seg_y = 1.163 Convex = -4.742 Volume = -20.915 Anchor = 9.965 Place_loss = 0.005
iter =    31400/  250000, loss_seg_p = 0.014 loss_seg_y = 1.134 Convex = -4.741 Volume = -20.904 Anchor = 9.955 Place_loss = 0.007
iter =    31500/  250000, loss_seg_p = 0.006 loss_seg_y = 1.185 Convex = -4.740 Volume = -20.901 Anchor = 8.577 Place_loss = 0.006
iter =    31600/  250000, loss_seg_p = 0.016 loss_seg_y = 1.164 Convex = -4.740 Volume = -20.907 Anchor = 8.852 Place_loss = 0.009
iter =    31700/  250000, loss_seg_p = 0.007 loss_seg_y = 1.145 Convex = -4.739 Volume = -20.894 Anchor = 8.609 Place_loss = 0.004
iter =    31800/  250000, loss_seg_p = 0.005 loss_seg_y = 1.160 Convex = -4.740 Volume = -20.890 Anchor = 10.072 Place_loss = 0.005
iter =    31900/  250000, loss_seg_p = 0.014 loss_seg_y = 1.237 Convex = -4.740 Volume = -20.890 Anchor = 8.067 Place_loss = 0.012
iter =    32000/  250000, loss_seg_p = 0.217 loss_seg_y = 1.288 Convex = -4.740 Volume = -20.882 Anchor = 10.698 Place_loss = 0.009
2021-10-16 18:44:27   Begin evaluation on iter    32000/  250000  
Evaluate for testing data
===>road:	94.14
===>sidewalk:	59.45
===>building:	88.12
===>wall:	27.22
===>fence:	38.87
===>pole:	39.34
===>light:	46.33
===>sign:	60.19
===>vegetation:	88.71
===>terrain:	47.06
===>sky:	89.62
===>person:	70.91
===>rider:	44.33
===>car:	90.67
===>truck:	54.92
===>bus:	59.7
===>train:	0.0
===>motocycle:	50.63
===>bicycle:	59.6
===> mIoU: 58.41
Finish Evaluation: Sat Oct 16 18:54:11 2021
iter =    32100/  250000, loss_seg_p = 0.010 loss_seg_y = 1.122 Convex = -4.739 Volume = -20.869 Anchor = 8.815 Place_loss = 0.006
iter =    32200/  250000, loss_seg_p = 0.005 loss_seg_y = 1.164 Convex = -4.739 Volume = -20.870 Anchor = 8.132 Place_loss = 0.005
iter =    32300/  250000, loss_seg_p = 0.008 loss_seg_y = 1.175 Convex = -4.739 Volume = -20.874 Anchor = 10.803 Place_loss = 0.008
iter =    32400/  250000, loss_seg_p = 0.013 loss_seg_y = 1.222 Convex = -4.739 Volume = -20.866 Anchor = 8.042 Place_loss = 0.007
iter =    32500/  250000, loss_seg_p = 0.012 loss_seg_y = 1.189 Convex = -4.740 Volume = -20.876 Anchor = 12.891 Place_loss = 0.009
iter =    32600/  250000, loss_seg_p = 0.010 loss_seg_y = 1.110 Convex = -4.742 Volume = -20.896 Anchor = 11.358 Place_loss = 0.005
iter =    32700/  250000, loss_seg_p = 0.016 loss_seg_y = 1.157 Convex = -4.741 Volume = -20.897 Anchor = 7.806 Place_loss = 0.007
iter =    32800/  250000, loss_seg_p = 0.015 loss_seg_y = 1.190 Convex = -4.742 Volume = -20.913 Anchor = 10.197 Place_loss = 0.010
iter =    32900/  250000, loss_seg_p = 0.008 loss_seg_y = 1.145 Convex = -4.740 Volume = -20.893 Anchor = 8.769 Place_loss = 0.005
iter =    33000/  250000, loss_seg_p = 0.008 loss_seg_y = 1.137 Convex = -4.742 Volume = -20.903 Anchor = 11.112 Place_loss = 0.006
2021-10-16 19:06:48   Begin evaluation on iter    33000/  250000  
Evaluate for testing data
===>road:	94.0
===>sidewalk:	59.5
===>building:	88.11
===>wall:	29.0
===>fence:	38.52
===>pole:	41.23
===>light:	46.93
===>sign:	57.57
===>vegetation:	88.79
===>terrain:	46.0
===>sky:	88.68
===>person:	71.3
===>rider:	44.5
===>car:	90.88
===>truck:	56.84
===>bus:	60.76
===>train:	0.0
===>motocycle:	48.08
===>bicycle:	59.01
===> mIoU: 58.4
Finish Evaluation: Sat Oct 16 19:16:32 2021
iter =    33100/  250000, loss_seg_p = 0.012 loss_seg_y = 1.212 Convex = -4.740 Volume = -20.899 Anchor = 12.867 Place_loss = 0.008
iter =    33200/  250000, loss_seg_p = 0.004 loss_seg_y = 1.092 Convex = -4.742 Volume = -20.920 Anchor = 9.236 Place_loss = 0.004
iter =    33300/  250000, loss_seg_p = 0.148 loss_seg_y = 1.554 Convex = -4.740 Volume = -20.909 Anchor = 9.405 Place_loss = 0.021
iter =    33400/  250000, loss_seg_p = 0.008 loss_seg_y = 1.115 Convex = -4.740 Volume = -20.901 Anchor = 9.606 Place_loss = 0.006
iter =    33500/  250000, loss_seg_p = 0.011 loss_seg_y = 1.170 Convex = -4.740 Volume = -20.906 Anchor = 9.428 Place_loss = 0.007
iter =    33600/  250000, loss_seg_p = 0.011 loss_seg_y = 1.191 Convex = -4.739 Volume = -20.882 Anchor = 9.369 Place_loss = 0.007
iter =    33700/  250000, loss_seg_p = 0.019 loss_seg_y = 1.267 Convex = -4.741 Volume = -20.901 Anchor = 10.567 Place_loss = 0.010
iter =    33800/  250000, loss_seg_p = 0.008 loss_seg_y = 1.174 Convex = -4.740 Volume = -20.904 Anchor = 10.152 Place_loss = 0.007
iter =    33900/  250000, loss_seg_p = 0.008 loss_seg_y = 1.131 Convex = -4.740 Volume = -20.903 Anchor = 8.877 Place_loss = 0.006
iter =    34000/  250000, loss_seg_p = 0.008 loss_seg_y = 1.107 Convex = -4.741 Volume = -20.918 Anchor = 13.463 Place_loss = 0.004
2021-10-16 19:29:07   Begin evaluation on iter    34000/  250000  
Evaluate for testing data
===>road:	94.17
===>sidewalk:	60.03
===>building:	88.47
===>wall:	30.29
===>fence:	39.74
===>pole:	41.22
===>light:	47.79
===>sign:	60.77
===>vegetation:	88.58
===>terrain:	47.31
===>sky:	89.33
===>person:	71.46
===>rider:	44.98
===>car:	90.65
===>truck:	54.16
===>bus:	60.2
===>train:	0.0
===>motocycle:	51.83
===>bicycle:	58.39
===> mIoU: 58.91
Finish Evaluation: Sat Oct 16 19:38:49 2021
Saving model with mIoU:  58.91
iter =    34100/  250000, loss_seg_p = 0.014 loss_seg_y = 1.172 Convex = -4.741 Volume = -20.914 Anchor = 8.474 Place_loss = 0.008
iter =    34200/  250000, loss_seg_p = 0.009 loss_seg_y = 1.170 Convex = -4.740 Volume = -20.904 Anchor = 11.383 Place_loss = 0.006
iter =    34300/  250000, loss_seg_p = 0.008 loss_seg_y = 1.160 Convex = -4.739 Volume = -20.885 Anchor = 10.642 Place_loss = 0.006
iter =    34400/  250000, loss_seg_p = 0.003 loss_seg_y = 1.125 Convex = -4.739 Volume = -20.890 Anchor = 10.472 Place_loss = 0.003
iter =    34500/  250000, loss_seg_p = 0.023 loss_seg_y = 1.206 Convex = -4.741 Volume = -20.915 Anchor = 8.293 Place_loss = 0.011
iter =    34600/  250000, loss_seg_p = 0.015 loss_seg_y = 1.167 Convex = -4.739 Volume = -20.890 Anchor = 11.680 Place_loss = 0.004
iter =    34700/  250000, loss_seg_p = 0.011 loss_seg_y = 1.193 Convex = -4.740 Volume = -20.902 Anchor = 13.741 Place_loss = 0.009
iter =    34800/  250000, loss_seg_p = 0.013 loss_seg_y = 1.199 Convex = -4.740 Volume = -20.909 Anchor = 10.780 Place_loss = 0.009
iter =    34900/  250000, loss_seg_p = 0.010 loss_seg_y = 1.132 Convex = -4.741 Volume = -20.914 Anchor = 8.722 Place_loss = 0.004
iter =    35000/  250000, loss_seg_p = 0.009 loss_seg_y = 1.170 Convex = -4.742 Volume = -20.914 Anchor = 8.873 Place_loss = 0.006
2021-10-16 19:51:23   Begin evaluation on iter    35000/  250000  
Evaluate for testing data
===>road:	94.25
===>sidewalk:	60.6
===>building:	88.3
===>wall:	29.68
===>fence:	39.84
===>pole:	40.48
===>light:	46.87
===>sign:	61.03
===>vegetation:	88.89
===>terrain:	47.79
===>sky:	89.8
===>person:	71.1
===>rider:	44.53
===>car:	90.63
===>truck:	55.9
===>bus:	57.99
===>train:	0.0
===>motocycle:	50.07
===>bicycle:	59.84
===> mIoU: 58.82
Finish Evaluation: Sat Oct 16 20:01:08 2021
iter =    35100/  250000, loss_seg_p = 0.034 loss_seg_y = 1.246 Convex = -4.740 Volume = -20.897 Anchor = 11.446 Place_loss = 0.012
iter =    35200/  250000, loss_seg_p = 0.008 loss_seg_y = 1.156 Convex = -4.741 Volume = -20.916 Anchor = 9.070 Place_loss = 0.008
iter =    35300/  250000, loss_seg_p = 0.009 loss_seg_y = 1.181 Convex = -4.740 Volume = -20.897 Anchor = 9.496 Place_loss = 0.005
iter =    35400/  250000, loss_seg_p = 0.011 loss_seg_y = 1.169 Convex = -4.740 Volume = -20.904 Anchor = 11.449 Place_loss = 0.007
iter =    35500/  250000, loss_seg_p = 0.004 loss_seg_y = 1.115 Convex = -4.740 Volume = -20.902 Anchor = 10.514 Place_loss = 0.005
iter =    35600/  250000, loss_seg_p = 0.014 loss_seg_y = 1.102 Convex = -4.741 Volume = -20.922 Anchor = 9.565 Place_loss = 0.005
iter =    35700/  250000, loss_seg_p = 0.038 loss_seg_y = 1.218 Convex = -4.740 Volume = -20.904 Anchor = 9.787 Place_loss = 0.010
iter =    35800/  250000, loss_seg_p = 0.005 loss_seg_y = 1.144 Convex = -4.738 Volume = -20.885 Anchor = 12.220 Place_loss = 0.007
iter =    35900/  250000, loss_seg_p = 0.013 loss_seg_y = 1.124 Convex = -4.741 Volume = -20.907 Anchor = 11.334 Place_loss = 0.006
iter =    36000/  250000, loss_seg_p = 0.027 loss_seg_y = 1.321 Convex = -4.740 Volume = -20.899 Anchor = 9.043 Place_loss = 0.019
2021-10-16 20:13:43   Begin evaluation on iter    36000/  250000  
Evaluate for testing data
===>road:	94.02
===>sidewalk:	59.81
===>building:	88.31
===>wall:	29.23
===>fence:	39.28
===>pole:	39.92
===>light:	45.03
===>sign:	59.24
===>vegetation:	88.61
===>terrain:	46.71
===>sky:	89.23
===>person:	71.17
===>rider:	44.46
===>car:	90.72
===>truck:	54.78
===>bus:	58.84
===>train:	0.0
===>motocycle:	49.54
===>bicycle:	58.7
===> mIoU: 58.29
Finish Evaluation: Sat Oct 16 20:23:26 2021
iter =    36100/  250000, loss_seg_p = 0.007 loss_seg_y = 1.114 Convex = -4.740 Volume = -20.896 Anchor = 11.291 Place_loss = 0.004
iter =    36200/  250000, loss_seg_p = 0.004 loss_seg_y = 1.124 Convex = -4.739 Volume = -20.883 Anchor = 9.917 Place_loss = 0.003
iter =    36300/  250000, loss_seg_p = 0.009 loss_seg_y = 1.157 Convex = -4.740 Volume = -20.891 Anchor = 13.478 Place_loss = 0.004
iter =    36400/  250000, loss_seg_p = 0.010 loss_seg_y = 1.172 Convex = -4.741 Volume = -20.893 Anchor = 10.391 Place_loss = 0.006
iter =    36500/  250000, loss_seg_p = 0.011 loss_seg_y = 1.190 Convex = -4.740 Volume = -20.893 Anchor = 10.054 Place_loss = 0.009
iter =    36600/  250000, loss_seg_p = 0.007 loss_seg_y = 1.120 Convex = -4.740 Volume = -20.889 Anchor = 8.088 Place_loss = 0.007
iter =    36700/  250000, loss_seg_p = 0.011 loss_seg_y = 1.157 Convex = -4.741 Volume = -20.890 Anchor = 7.343 Place_loss = 0.006
iter =    36800/  250000, loss_seg_p = 0.033 loss_seg_y = 1.397 Convex = -4.742 Volume = -20.905 Anchor = 12.101 Place_loss = 0.014
iter =    36900/  250000, loss_seg_p = 0.015 loss_seg_y = 1.195 Convex = -4.742 Volume = -20.911 Anchor = 10.517 Place_loss = 0.009
iter =    37000/  250000, loss_seg_p = 0.017 loss_seg_y = 1.144 Convex = -4.742 Volume = -20.922 Anchor = 8.966 Place_loss = 0.008
2021-10-16 20:36:00   Begin evaluation on iter    37000/  250000  
Evaluate for testing data
===>road:	94.22
===>sidewalk:	60.85
===>building:	88.41
===>wall:	30.07
===>fence:	38.67
===>pole:	40.08
===>light:	45.86
===>sign:	59.0
===>vegetation:	88.83
===>terrain:	47.06
===>sky:	89.53
===>person:	71.59
===>rider:	44.42
===>car:	90.14
===>truck:	57.02
===>bus:	55.58
===>train:	0.0
===>motocycle:	45.81
===>bicycle:	58.78
===> mIoU: 58.21
Finish Evaluation: Sat Oct 16 20:45:45 2021
iter =    37100/  250000, loss_seg_p = 0.013 loss_seg_y = 1.172 Convex = -4.740 Volume = -20.906 Anchor = 13.721 Place_loss = 0.008
iter =    37200/  250000, loss_seg_p = 0.010 loss_seg_y = 1.167 Convex = -4.740 Volume = -20.916 Anchor = 13.460 Place_loss = 0.006
iter =    37300/  250000, loss_seg_p = 0.015 loss_seg_y = 1.204 Convex = -4.744 Volume = -20.946 Anchor = 10.816 Place_loss = 0.010
iter =    37400/  250000, loss_seg_p = 0.013 loss_seg_y = 1.234 Convex = -4.741 Volume = -20.931 Anchor = 11.169 Place_loss = 0.012
iter =    37500/  250000, loss_seg_p = 0.002 loss_seg_y = 1.124 Convex = -4.739 Volume = -20.907 Anchor = 10.981 Place_loss = 0.003
iter =    37600/  250000, loss_seg_p = 0.007 loss_seg_y = 1.170 Convex = -4.741 Volume = -20.915 Anchor = 8.496 Place_loss = 0.005
iter =    37700/  250000, loss_seg_p = 0.010 loss_seg_y = 1.116 Convex = -4.741 Volume = -20.930 Anchor = 8.163 Place_loss = 0.005
iter =    37800/  250000, loss_seg_p = 0.003 loss_seg_y = 1.115 Convex = -4.743 Volume = -20.948 Anchor = 12.096 Place_loss = 0.002
iter =    37900/  250000, loss_seg_p = 0.052 loss_seg_y = 1.217 Convex = -4.740 Volume = -20.923 Anchor = 9.062 Place_loss = 0.011
iter =    38000/  250000, loss_seg_p = 0.021 loss_seg_y = 1.183 Convex = -4.741 Volume = -20.920 Anchor = 9.525 Place_loss = 0.009
2021-10-16 20:58:20   Begin evaluation on iter    38000/  250000  
Evaluate for testing data
===>road:	94.21
===>sidewalk:	60.41
===>building:	88.35
===>wall:	29.83
===>fence:	39.04
===>pole:	40.48
===>light:	46.49
===>sign:	57.43
===>vegetation:	88.61
===>terrain:	47.5
===>sky:	89.0
===>person:	71.55
===>rider:	44.75
===>car:	90.96
===>truck:	57.49
===>bus:	60.69
===>train:	0.0
===>motocycle:	50.04
===>bicycle:	59.27
===> mIoU: 58.74
Finish Evaluation: Sat Oct 16 21:08:03 2021
iter =    38100/  250000, loss_seg_p = 0.008 loss_seg_y = 1.163 Convex = -4.740 Volume = -20.917 Anchor = 8.516 Place_loss = 0.006
iter =    38200/  250000, loss_seg_p = 0.030 loss_seg_y = 1.318 Convex = -4.741 Volume = -20.923 Anchor = 10.780 Place_loss = 0.013
iter =    38300/  250000, loss_seg_p = 0.008 loss_seg_y = 1.181 Convex = -4.741 Volume = -20.920 Anchor = 11.385 Place_loss = 0.007
iter =    38400/  250000, loss_seg_p = 0.009 loss_seg_y = 1.113 Convex = -4.742 Volume = -20.921 Anchor = 8.735 Place_loss = 0.006
iter =    38500/  250000, loss_seg_p = 0.010 loss_seg_y = 1.187 Convex = -4.741 Volume = -20.916 Anchor = 7.962 Place_loss = 0.007
iter =    38600/  250000, loss_seg_p = 0.003 loss_seg_y = 1.152 Convex = -4.741 Volume = -20.914 Anchor = 6.841 Place_loss = 0.003
iter =    38700/  250000, loss_seg_p = 0.011 loss_seg_y = 1.151 Convex = -4.741 Volume = -20.917 Anchor = 15.225 Place_loss = 0.006
iter =    38800/  250000, loss_seg_p = 0.027 loss_seg_y = 1.268 Convex = -4.741 Volume = -20.917 Anchor = 13.319 Place_loss = 0.012
iter =    38900/  250000, loss_seg_p = 0.007 loss_seg_y = 1.171 Convex = -4.743 Volume = -20.937 Anchor = 9.822 Place_loss = 0.007
iter =    39000/  250000, loss_seg_p = 0.004 loss_seg_y = 1.146 Convex = -4.742 Volume = -20.929 Anchor = 10.121 Place_loss = 0.005
2021-10-16 21:20:36   Begin evaluation on iter    39000/  250000  
Evaluate for testing data
===>road:	94.18
===>sidewalk:	60.7
===>building:	88.21
===>wall:	28.78
===>fence:	39.1
===>pole:	41.68
===>light:	43.96
===>sign:	59.9
===>vegetation:	88.62
===>terrain:	47.27
===>sky:	88.78
===>person:	71.31
===>rider:	44.46
===>car:	90.83
===>truck:	57.49
===>bus:	60.64
===>train:	0.0
===>motocycle:	50.37
===>bicycle:	59.44
===> mIoU: 58.72
Finish Evaluation: Sat Oct 16 21:30:21 2021
iter =    39100/  250000, loss_seg_p = 0.007 loss_seg_y = 1.128 Convex = -4.741 Volume = -20.920 Anchor = 8.787 Place_loss = 0.004
iter =    39200/  250000, loss_seg_p = 0.013 loss_seg_y = 1.205 Convex = -4.742 Volume = -20.929 Anchor = 6.892 Place_loss = 0.006
iter =    39300/  250000, loss_seg_p = 0.004 loss_seg_y = 1.097 Convex = -4.741 Volume = -20.915 Anchor = 9.396 Place_loss = 0.004
iter =    39400/  250000, loss_seg_p = 0.003 loss_seg_y = 1.114 Convex = -4.742 Volume = -20.933 Anchor = 12.089 Place_loss = 0.003
iter =    39500/  250000, loss_seg_p = 0.014 loss_seg_y = 1.138 Convex = -4.742 Volume = -20.930 Anchor = 12.885 Place_loss = 0.006
iter =    39600/  250000, loss_seg_p = 0.003 loss_seg_y = 1.119 Convex = -4.744 Volume = -20.953 Anchor = 11.681 Place_loss = 0.004
iter =    39700/  250000, loss_seg_p = 0.011 loss_seg_y = 1.174 Convex = -4.742 Volume = -20.944 Anchor = 11.794 Place_loss = 0.008
iter =    39800/  250000, loss_seg_p = 0.006 loss_seg_y = 1.197 Convex = -4.743 Volume = -20.945 Anchor = 13.896 Place_loss = 0.007
iter =    39900/  250000, loss_seg_p = 0.003 loss_seg_y = 1.165 Convex = -4.741 Volume = -20.929 Anchor = 9.283 Place_loss = 0.004
save model ...
