Submitted from:/home/xiaoqiguo2/OpensetNTM on node:login
Running on node node2
Allocate Gpu Units:0
Leanring_rate:  0.00025
Leanring_rate_T:  0.0025
Open-set class:  15
Threshold_high:  0.8
Threshold_low:  0.2
lambda_Place:  0.1
lambda_Convex:  0.1
lambda_Volume:  1.0
lambda_Anchor:  1.0
restore_from:  ../snapshots/SFDA_best.pth
Start: Mon Nov 15 02:31:12 2021
iter =        0/  250000, loss_seg_p = 0.053 loss_seg_y = 0.708 Convex = -18.300 Volume = -13.138 Anchor = 7.801 Place_loss = 0.371
iter =      100/  250000, loss_seg_p = 0.021 loss_seg_y = 0.746 Convex = -15.182 Volume = -14.640 Anchor = 4.646 Place_loss = 0.038
iter =      200/  250000, loss_seg_p = 0.027 loss_seg_y = 0.780 Convex = -13.389 Volume = -15.718 Anchor = 5.593 Place_loss = 0.036
iter =      300/  250000, loss_seg_p = 0.060 loss_seg_y = 0.835 Convex = -12.151 Volume = -16.582 Anchor = 5.167 Place_loss = 0.025
iter =      400/  250000, loss_seg_p = 0.019 loss_seg_y = 0.835 Convex = -11.236 Volume = -17.268 Anchor = 7.335 Place_loss = 0.015
iter =      500/  250000, loss_seg_p = 0.613 loss_seg_y = 1.096 Convex = -10.538 Volume = -17.812 Anchor = 11.177 Place_loss = 0.036
iter =      600/  250000, loss_seg_p = 0.031 loss_seg_y = 0.945 Convex = -9.966 Volume = -18.249 Anchor = 7.684 Place_loss = 0.020
iter =      700/  250000, loss_seg_p = 0.013 loss_seg_y = 0.812 Convex = -9.491 Volume = -18.600 Anchor = 9.690 Place_loss = 0.018
iter =      800/  250000, loss_seg_p = 0.281 loss_seg_y = 1.181 Convex = -9.077 Volume = -18.884 Anchor = 8.964 Place_loss = 0.042
iter =      900/  250000, loss_seg_p = 0.029 loss_seg_y = 1.011 Convex = -8.759 Volume = -19.126 Anchor = 5.119 Place_loss = 0.026
iter =     1000/  250000, loss_seg_p = 0.079 loss_seg_y = 0.956 Convex = -8.468 Volume = -19.334 Anchor = 9.487 Place_loss = 0.027
2021-11-15 02:46:06   Begin evaluation on iter     1000/  250000  
Evaluate for testing data
===>road:	91.81
===>sidewalk:	55.86
===>building:	85.92
===>wall:	34.73
===>fence:	33.33
===>pole:	36.65
===>light:	37.61
===>sign:	38.04
===>vegetation:	86.68
===>terrain:	44.58
===>sky:	83.93
===>person:	63.8
===>rider:	34.5
===>car:	78.88
===>truck:	21.77
===>bus:	42.2
===>train:	0.0
===>motocycle:	34.14
===>bicycle:	56.18
===> mIoU: 50.56
Finish Evaluation: Mon Nov 15 02:58:36 2021
Saving model with mIoU:  50.56
iter =     1100/  250000, loss_seg_p = 0.090 loss_seg_y = 1.068 Convex = -8.126 Volume = -19.500 Anchor = 8.403 Place_loss = 0.039
iter =     1200/  250000, loss_seg_p = 0.007 loss_seg_y = 0.890 Convex = -7.830 Volume = -19.611 Anchor = 5.212 Place_loss = 0.011
iter =     1300/  250000, loss_seg_p = 0.300 loss_seg_y = 1.262 Convex = -7.621 Volume = -19.697 Anchor = 10.410 Place_loss = 0.054
iter =     1400/  250000, loss_seg_p = 0.031 loss_seg_y = 0.984 Convex = -7.431 Volume = -19.792 Anchor = 6.832 Place_loss = 0.017
iter =     1500/  250000, loss_seg_p = 0.053 loss_seg_y = 1.210 Convex = -7.166 Volume = -19.867 Anchor = 5.417 Place_loss = 0.032
iter =     1600/  250000, loss_seg_p = 0.027 loss_seg_y = 0.957 Convex = -6.907 Volume = -19.890 Anchor = 8.549 Place_loss = 0.014
iter =     1700/  250000, loss_seg_p = 0.078 loss_seg_y = 1.051 Convex = -6.691 Volume = -19.878 Anchor = 7.509 Place_loss = 0.021
iter =     1800/  250000, loss_seg_p = 0.080 loss_seg_y = 1.046 Convex = -6.565 Volume = -19.892 Anchor = 12.394 Place_loss = 0.028
iter =     1900/  250000, loss_seg_p = 0.441 loss_seg_y = 1.440 Convex = -6.484 Volume = -19.930 Anchor = 16.260 Place_loss = 0.064
iter =     2000/  250000, loss_seg_p = 0.019 loss_seg_y = 0.956 Convex = -6.420 Volume = -19.979 Anchor = 9.019 Place_loss = 0.010
2021-11-15 03:13:15   Begin evaluation on iter     2000/  250000  
Evaluate for testing data
===>road:	92.81
===>sidewalk:	55.23
===>building:	86.15
===>wall:	36.66
===>fence:	31.2
===>pole:	36.96
===>light:	36.92
===>sign:	38.36
===>vegetation:	86.9
===>terrain:	47.44
===>sky:	87.02
===>person:	62.8
===>rider:	32.82
===>car:	86.41
===>truck:	42.1
===>bus:	49.82
===>train:	0.0
===>motocycle:	34.94
===>bicycle:	55.62
===> mIoU: 52.64
Finish Evaluation: Mon Nov 15 03:25:38 2021
Saving model with mIoU:  52.64
iter =     2100/  250000, loss_seg_p = 0.203 loss_seg_y = 1.253 Convex = -6.363 Volume = -20.037 Anchor = 10.113 Place_loss = 0.040
iter =     2200/  250000, loss_seg_p = 0.214 loss_seg_y = 1.135 Convex = -6.309 Volume = -20.108 Anchor = 16.407 Place_loss = 0.051
iter =     2300/  250000, loss_seg_p = 0.267 loss_seg_y = 1.199 Convex = -6.256 Volume = -20.179 Anchor = 17.359 Place_loss = 0.050
iter =     2400/  250000, loss_seg_p = 0.131 loss_seg_y = 1.260 Convex = -6.213 Volume = -20.240 Anchor = 18.018 Place_loss = 0.049
iter =     2500/  250000, loss_seg_p = 0.040 loss_seg_y = 1.012 Convex = -6.173 Volume = -20.303 Anchor = 6.026 Place_loss = 0.012
iter =     2600/  250000, loss_seg_p = 0.035 loss_seg_y = 0.959 Convex = -6.137 Volume = -20.362 Anchor = 7.113 Place_loss = 0.009
iter =     2700/  250000, loss_seg_p = 0.019 loss_seg_y = 1.035 Convex = -6.106 Volume = -20.419 Anchor = 9.035 Place_loss = 0.016
iter =     2800/  250000, loss_seg_p = 0.017 loss_seg_y = 1.041 Convex = -6.080 Volume = -20.469 Anchor = 8.466 Place_loss = 0.011
iter =     2900/  250000, loss_seg_p = 0.115 loss_seg_y = 1.095 Convex = -6.036 Volume = -20.507 Anchor = 12.072 Place_loss = 0.016
iter =     3000/  250000, loss_seg_p = 0.058 loss_seg_y = 1.161 Convex = -5.954 Volume = -20.530 Anchor = 9.003 Place_loss = 0.012
2021-11-15 03:40:18   Begin evaluation on iter     3000/  250000  
Evaluate for testing data
===>road:	90.88
===>sidewalk:	54.34
===>building:	86.18
===>wall:	33.95
===>fence:	30.43
===>pole:	37.63
===>light:	39.71
===>sign:	40.44
===>vegetation:	87.11
===>terrain:	46.67
===>sky:	87.76
===>person:	63.65
===>rider:	34.98
===>car:	85.47
===>truck:	31.46
===>bus:	31.44
===>train:	0.0
===>motocycle:	39.01
===>bicycle:	56.3
===> mIoU: 51.44
Finish Evaluation: Mon Nov 15 03:52:48 2021
iter =     3100/  250000, loss_seg_p = 0.365 loss_seg_y = 1.467 Convex = -5.879 Volume = -20.537 Anchor = 8.543 Place_loss = 0.037
iter =     3200/  250000, loss_seg_p = 0.056 loss_seg_y = 1.179 Convex = -5.805 Volume = -20.525 Anchor = 12.835 Place_loss = 0.026
iter =     3300/  250000, loss_seg_p = 0.111 loss_seg_y = 1.383 Convex = -5.720 Volume = -20.489 Anchor = 12.802 Place_loss = 0.046
iter =     3400/  250000, loss_seg_p = 0.018 loss_seg_y = 1.083 Convex = -5.646 Volume = -20.463 Anchor = 11.977 Place_loss = 0.015
iter =     3500/  250000, loss_seg_p = 0.024 loss_seg_y = 1.147 Convex = -5.581 Volume = -20.433 Anchor = 13.430 Place_loss = 0.029
iter =     3600/  250000, loss_seg_p = 0.041 loss_seg_y = 1.132 Convex = -5.537 Volume = -20.413 Anchor = 14.331 Place_loss = 0.017
iter =     3700/  250000, loss_seg_p = 0.104 loss_seg_y = 1.829 Convex = -5.511 Volume = -20.413 Anchor = 9.352 Place_loss = 0.068
iter =     3800/  250000, loss_seg_p = 0.176 loss_seg_y = 1.211 Convex = -5.491 Volume = -20.427 Anchor = 14.506 Place_loss = 0.024
iter =     3900/  250000, loss_seg_p = 0.038 loss_seg_y = 1.200 Convex = -5.471 Volume = -20.444 Anchor = 10.933 Place_loss = 0.019
iter =     4000/  250000, loss_seg_p = 0.336 loss_seg_y = 1.521 Convex = -5.405 Volume = -20.454 Anchor = 10.924 Place_loss = 0.065
2021-11-15 04:07:24   Begin evaluation on iter     4000/  250000  
Evaluate for testing data
===>road:	91.97
===>sidewalk:	53.87
===>building:	85.24
===>wall:	26.93
===>fence:	23.67
===>pole:	37.05
===>light:	39.95
===>sign:	39.34
===>vegetation:	86.4
===>terrain:	42.22
===>sky:	86.94
===>person:	63.72
===>rider:	34.66
===>car:	85.64
===>truck:	33.74
===>bus:	35.92
===>train:	1.15
===>motocycle:	38.38
===>bicycle:	54.94
===> mIoU: 50.62
Finish Evaluation: Mon Nov 15 04:20:00 2021
iter =     4100/  250000, loss_seg_p = 0.266 loss_seg_y = 1.196 Convex = -5.307 Volume = -20.455 Anchor = 11.578 Place_loss = 0.026
iter =     4200/  250000, loss_seg_p = 0.091 loss_seg_y = 1.244 Convex = -5.196 Volume = -20.437 Anchor = 8.839 Place_loss = 0.026
iter =     4300/  250000, loss_seg_p = 0.054 loss_seg_y = 1.126 Convex = -5.083 Volume = -20.369 Anchor = 10.867 Place_loss = 0.028
iter =     4400/  250000, loss_seg_p = 0.144 loss_seg_y = 1.170 Convex = -4.997 Volume = -20.278 Anchor = 8.710 Place_loss = 0.012
iter =     4500/  250000, loss_seg_p = 0.101 loss_seg_y = 1.208 Convex = -4.949 Volume = -20.212 Anchor = 7.115 Place_loss = 0.029
iter =     4600/  250000, loss_seg_p = 0.055 loss_seg_y = 1.312 Convex = -4.923 Volume = -20.178 Anchor = 11.780 Place_loss = 0.033
iter =     4700/  250000, loss_seg_p = 0.023 loss_seg_y = 1.120 Convex = -4.907 Volume = -20.164 Anchor = 9.712 Place_loss = 0.013
iter =     4800/  250000, loss_seg_p = 0.063 loss_seg_y = 1.138 Convex = -4.897 Volume = -20.169 Anchor = 11.582 Place_loss = 0.017
iter =     4900/  250000, loss_seg_p = 0.029 loss_seg_y = 1.132 Convex = -4.888 Volume = -20.176 Anchor = 8.529 Place_loss = 0.012
iter =     5000/  250000, loss_seg_p = 0.037 loss_seg_y = 1.172 Convex = -4.882 Volume = -20.183 Anchor = 8.011 Place_loss = 0.015
2021-11-15 04:34:42   Begin evaluation on iter     5000/  250000  
Evaluate for testing data
===>road:	92.59
===>sidewalk:	56.99
===>building:	86.18
===>wall:	31.27
===>fence:	30.86
===>pole:	37.4
===>light:	37.96
===>sign:	39.21
===>vegetation:	87.08
===>terrain:	47.2
===>sky:	88.13
===>person:	64.0
===>rider:	35.65
===>car:	86.45
===>truck:	33.74
===>bus:	50.6
===>train:	0.0
===>motocycle:	41.69
===>bicycle:	56.15
===> mIoU: 52.8
Finish Evaluation: Mon Nov 15 04:46:57 2021
Saving model with mIoU:  52.8
iter =     5100/  250000, loss_seg_p = 0.092 loss_seg_y = 1.225 Convex = -4.877 Volume = -20.194 Anchor = 9.711 Place_loss = 0.025
iter =     5200/  250000, loss_seg_p = 0.033 loss_seg_y = 1.136 Convex = -4.872 Volume = -20.210 Anchor = 11.152 Place_loss = 0.014
iter =     5300/  250000, loss_seg_p = 0.038 loss_seg_y = 1.150 Convex = -4.867 Volume = -20.226 Anchor = 7.843 Place_loss = 0.010
iter =     5400/  250000, loss_seg_p = 0.009 loss_seg_y = 1.149 Convex = -4.863 Volume = -20.240 Anchor = 8.934 Place_loss = 0.010
iter =     5500/  250000, loss_seg_p = 0.022 loss_seg_y = 1.224 Convex = -4.859 Volume = -20.261 Anchor = 10.487 Place_loss = 0.022
iter =     5600/  250000, loss_seg_p = 0.086 loss_seg_y = 1.207 Convex = -4.854 Volume = -20.283 Anchor = 11.055 Place_loss = 0.019
iter =     5700/  250000, loss_seg_p = 0.100 loss_seg_y = 1.360 Convex = -4.853 Volume = -20.298 Anchor = 9.649 Place_loss = 0.032
iter =     5800/  250000, loss_seg_p = 0.035 loss_seg_y = 1.209 Convex = -4.850 Volume = -20.314 Anchor = 9.571 Place_loss = 0.019
iter =     5900/  250000, loss_seg_p = 0.023 loss_seg_y = 1.179 Convex = -4.848 Volume = -20.332 Anchor = 6.168 Place_loss = 0.014
iter =     6000/  250000, loss_seg_p = 0.115 loss_seg_y = 1.272 Convex = -4.844 Volume = -20.342 Anchor = 13.698 Place_loss = 0.035
2021-11-15 05:01:26   Begin evaluation on iter     6000/  250000  
Evaluate for testing data
===>road:	90.77
===>sidewalk:	53.37
===>building:	86.29
===>wall:	33.74
===>fence:	32.52
===>pole:	37.86
===>light:	39.07
===>sign:	39.48
===>vegetation:	86.81
===>terrain:	43.17
===>sky:	88.32
===>person:	64.67
===>rider:	33.92
===>car:	87.58
===>truck:	42.96
===>bus:	53.74
===>train:	0.0
===>motocycle:	42.37
===>bicycle:	56.81
===> mIoU: 53.34
Finish Evaluation: Mon Nov 15 05:13:26 2021
Saving model with mIoU:  53.34
iter =     6100/  250000, loss_seg_p = 0.009 loss_seg_y = 1.145 Convex = -4.842 Volume = -20.359 Anchor = 8.492 Place_loss = 0.010
iter =     6200/  250000, loss_seg_p = 0.025 loss_seg_y = 1.141 Convex = -4.796 Volume = -20.366 Anchor = 11.845 Place_loss = 0.013
iter =     6300/  250000, loss_seg_p = 0.130 loss_seg_y = 1.275 Convex = -4.733 Volume = -20.340 Anchor = 7.225 Place_loss = 0.034
iter =     6400/  250000, loss_seg_p = 0.019 loss_seg_y = 1.137 Convex = -4.698 Volume = -20.321 Anchor = 6.118 Place_loss = 0.015
iter =     6500/  250000, loss_seg_p = 0.013 loss_seg_y = 1.146 Convex = -4.668 Volume = -20.304 Anchor = 9.811 Place_loss = 0.008
iter =     6600/  250000, loss_seg_p = 0.050 loss_seg_y = 1.229 Convex = -4.638 Volume = -20.277 Anchor = 13.240 Place_loss = 0.015
iter =     6700/  250000, loss_seg_p = 0.035 loss_seg_y = 1.253 Convex = -4.616 Volume = -20.247 Anchor = 11.661 Place_loss = 0.024
iter =     6800/  250000, loss_seg_p = 0.004 loss_seg_y = 1.130 Convex = -4.601 Volume = -20.226 Anchor = 7.927 Place_loss = 0.004
iter =     6900/  250000, loss_seg_p = 0.007 loss_seg_y = 1.114 Convex = -4.595 Volume = -20.218 Anchor = 7.662 Place_loss = 0.005
iter =     7000/  250000, loss_seg_p = 0.014 loss_seg_y = 1.149 Convex = -4.590 Volume = -20.211 Anchor = 7.747 Place_loss = 0.009
2021-11-15 05:27:58   Begin evaluation on iter     7000/  250000  
Evaluate for testing data
===>road:	92.18
===>sidewalk:	56.53
===>building:	86.04
===>wall:	32.39
===>fence:	32.09
===>pole:	37.15
===>light:	38.41
===>sign:	40.74
===>vegetation:	86.73
===>terrain:	44.07
===>sky:	87.43
===>person:	64.7
===>rider:	35.66
===>car:	86.8
===>truck:	36.79
===>bus:	50.72
===>train:	0.11
===>motocycle:	37.78
===>bicycle:	56.54
===> mIoU: 52.78
Finish Evaluation: Mon Nov 15 05:40:13 2021
iter =     7100/  250000, loss_seg_p = 0.024 loss_seg_y = 1.173 Convex = -4.587 Volume = -20.212 Anchor = 10.553 Place_loss = 0.012
iter =     7200/  250000, loss_seg_p = 0.096 loss_seg_y = 1.456 Convex = -4.584 Volume = -20.218 Anchor = 7.806 Place_loss = 0.025
iter =     7300/  250000, loss_seg_p = 0.014 loss_seg_y = 1.084 Convex = -4.582 Volume = -20.220 Anchor = 5.706 Place_loss = 0.007
iter =     7400/  250000, loss_seg_p = 0.060 loss_seg_y = 1.244 Convex = -4.581 Volume = -20.225 Anchor = 8.596 Place_loss = 0.014
iter =     7500/  250000, loss_seg_p = 0.057 loss_seg_y = 1.131 Convex = -4.580 Volume = -20.231 Anchor = 10.978 Place_loss = 0.013
iter =     7600/  250000, loss_seg_p = 0.011 loss_seg_y = 1.162 Convex = -4.579 Volume = -20.238 Anchor = 9.979 Place_loss = 0.013
iter =     7700/  250000, loss_seg_p = 0.077 loss_seg_y = 1.241 Convex = -4.578 Volume = -20.248 Anchor = 9.411 Place_loss = 0.019
iter =     7800/  250000, loss_seg_p = 0.028 loss_seg_y = 1.351 Convex = -4.576 Volume = -20.256 Anchor = 10.505 Place_loss = 0.022
iter =     7900/  250000, loss_seg_p = 0.004 loss_seg_y = 1.107 Convex = -4.576 Volume = -20.266 Anchor = 6.379 Place_loss = 0.004
iter =     8000/  250000, loss_seg_p = 0.030 loss_seg_y = 1.231 Convex = -4.576 Volume = -20.272 Anchor = 8.294 Place_loss = 0.013
2021-11-15 05:54:38   Begin evaluation on iter     8000/  250000  
Evaluate for testing data
===>road:	91.8
===>sidewalk:	54.37
===>building:	86.27
===>wall:	35.59
===>fence:	31.71
===>pole:	37.26
===>light:	37.98
===>sign:	40.22
===>vegetation:	87.07
===>terrain:	44.85
===>sky:	88.83
===>person:	64.58
===>rider:	35.11
===>car:	86.88
===>truck:	40.05
===>bus:	53.34
===>train:	0.0
===>motocycle:	45.27
===>bicycle:	56.73
===> mIoU: 53.57
Finish Evaluation: Mon Nov 15 06:06:44 2021
Saving model with mIoU:  53.57
iter =     8100/  250000, loss_seg_p = 0.007 loss_seg_y = 1.148 Convex = -4.575 Volume = -20.279 Anchor = 9.046 Place_loss = 0.008
iter =     8200/  250000, loss_seg_p = 0.032 loss_seg_y = 1.260 Convex = -4.574 Volume = -20.287 Anchor = 12.597 Place_loss = 0.016
iter =     8300/  250000, loss_seg_p = 0.021 loss_seg_y = 1.144 Convex = -4.573 Volume = -20.291 Anchor = 8.470 Place_loss = 0.009
iter =     8400/  250000, loss_seg_p = 0.012 loss_seg_y = 1.135 Convex = -4.572 Volume = -20.301 Anchor = 7.825 Place_loss = 0.008
iter =     8500/  250000, loss_seg_p = 0.028 loss_seg_y = 1.172 Convex = -4.572 Volume = -20.307 Anchor = 10.419 Place_loss = 0.010
iter =     8600/  250000, loss_seg_p = 0.013 loss_seg_y = 1.177 Convex = -4.571 Volume = -20.309 Anchor = 8.389 Place_loss = 0.009
iter =     8700/  250000, loss_seg_p = 0.004 loss_seg_y = 1.150 Convex = -4.571 Volume = -20.313 Anchor = 10.088 Place_loss = 0.006
iter =     8800/  250000, loss_seg_p = 0.041 loss_seg_y = 1.219 Convex = -4.570 Volume = -20.321 Anchor = 11.211 Place_loss = 0.013
iter =     8900/  250000, loss_seg_p = 0.035 loss_seg_y = 1.227 Convex = -4.570 Volume = -20.324 Anchor = 9.543 Place_loss = 0.015
iter =     9000/  250000, loss_seg_p = 0.042 loss_seg_y = 1.267 Convex = -4.569 Volume = -20.328 Anchor = 9.254 Place_loss = 0.020
2021-11-15 06:21:12   Begin evaluation on iter     9000/  250000  
Evaluate for testing data
===>road:	92.07
===>sidewalk:	54.84
===>building:	86.15
===>wall:	36.58
===>fence:	30.91
===>pole:	36.23
===>light:	39.15
===>sign:	40.62
===>vegetation:	87.12
===>terrain:	45.97
===>sky:	88.48
===>person:	64.59
===>rider:	36.05
===>car:	87.21
===>truck:	39.18
===>bus:	52.16
===>train:	0.0
===>motocycle:	45.85
===>bicycle:	57.0
===> mIoU: 53.69
Finish Evaluation: Mon Nov 15 06:33:19 2021
Saving model with mIoU:  53.69
iter =     9100/  250000, loss_seg_p = 0.021 loss_seg_y = 1.178 Convex = -4.569 Volume = -20.333 Anchor = 13.773 Place_loss = 0.015
iter =     9200/  250000, loss_seg_p = 0.081 loss_seg_y = 1.194 Convex = -4.569 Volume = -20.335 Anchor = 12.198 Place_loss = 0.017
iter =     9300/  250000, loss_seg_p = 0.013 loss_seg_y = 1.140 Convex = -4.567 Volume = -20.340 Anchor = 9.478 Place_loss = 0.009
iter =     9400/  250000, loss_seg_p = 0.048 loss_seg_y = 1.213 Convex = -4.567 Volume = -20.345 Anchor = 10.110 Place_loss = 0.019
iter =     9500/  250000, loss_seg_p = 0.015 loss_seg_y = 1.172 Convex = -4.567 Volume = -20.351 Anchor = 8.588 Place_loss = 0.009
iter =     9600/  250000, loss_seg_p = 0.036 loss_seg_y = 1.201 Convex = -4.568 Volume = -20.355 Anchor = 12.455 Place_loss = 0.014
iter =     9700/  250000, loss_seg_p = 0.033 loss_seg_y = 1.190 Convex = -4.567 Volume = -20.360 Anchor = 12.226 Place_loss = 0.013
iter =     9800/  250000, loss_seg_p = 0.035 loss_seg_y = 1.259 Convex = -4.567 Volume = -20.365 Anchor = 11.595 Place_loss = 0.023
iter =     9900/  250000, loss_seg_p = 0.046 loss_seg_y = 1.207 Convex = -4.566 Volume = -20.367 Anchor = 9.429 Place_loss = 0.022
iter =    10000/  250000, loss_seg_p = 0.003 loss_seg_y = 1.157 Convex = -4.566 Volume = -20.372 Anchor = 5.626 Place_loss = 0.004
2021-11-15 06:47:55   Begin evaluation on iter    10000/  250000  
Evaluate for testing data
===>road:	92.55
===>sidewalk:	56.64
===>building:	86.42
===>wall:	36.15
===>fence:	32.17
===>pole:	37.81
===>light:	39.48
===>sign:	41.53
===>vegetation:	87.11
===>terrain:	49.34
===>sky:	88.59
===>person:	64.43
===>rider:	35.2
===>car:	86.76
===>truck:	35.62
===>bus:	35.41
===>train:	16.21
===>motocycle:	43.37
===>bicycle:	56.85
===> mIoU: 53.77
Finish Evaluation: Mon Nov 15 07:00:04 2021
Saving model with mIoU:  53.77
iter =    10100/  250000, loss_seg_p = 0.067 loss_seg_y = 1.289 Convex = -4.566 Volume = -20.374 Anchor = 9.254 Place_loss = 0.020
iter =    10200/  250000, loss_seg_p = 0.031 loss_seg_y = 1.235 Convex = -4.566 Volume = -20.378 Anchor = 10.791 Place_loss = 0.014
iter =    10300/  250000, loss_seg_p = 0.016 loss_seg_y = 1.195 Convex = -4.566 Volume = -20.380 Anchor = 10.064 Place_loss = 0.011
iter =    10400/  250000, loss_seg_p = 0.061 loss_seg_y = 1.225 Convex = -4.566 Volume = -20.382 Anchor = 7.835 Place_loss = 0.013
iter =    10500/  250000, loss_seg_p = 0.096 loss_seg_y = 1.325 Convex = -4.565 Volume = -20.385 Anchor = 9.164 Place_loss = 0.017
iter =    10600/  250000, loss_seg_p = 0.010 loss_seg_y = 1.146 Convex = -4.565 Volume = -20.388 Anchor = 9.130 Place_loss = 0.009
iter =    10700/  250000, loss_seg_p = 0.048 loss_seg_y = 1.171 Convex = -4.564 Volume = -20.390 Anchor = 10.094 Place_loss = 0.017
iter =    10800/  250000, loss_seg_p = 0.028 loss_seg_y = 1.202 Convex = -4.562 Volume = -20.395 Anchor = 6.226 Place_loss = 0.010
iter =    10900/  250000, loss_seg_p = 0.054 loss_seg_y = 1.198 Convex = -4.559 Volume = -20.399 Anchor = 10.085 Place_loss = 0.011
iter =    11000/  250000, loss_seg_p = 0.036 loss_seg_y = 1.207 Convex = -4.555 Volume = -20.402 Anchor = 10.533 Place_loss = 0.017
2021-11-15 07:14:38   Begin evaluation on iter    11000/  250000  
Evaluate for testing data
===>road:	92.28
===>sidewalk:	55.59
===>building:	85.94
===>wall:	33.78
===>fence:	32.81
===>pole:	37.32
===>light:	39.27
===>sign:	39.7
===>vegetation:	87.11
===>terrain:	46.24
===>sky:	88.1
===>person:	63.37
===>rider:	32.05
===>car:	87.06
===>truck:	39.46
===>bus:	52.23
===>train:	0.0
===>motocycle:	44.08
===>bicycle:	56.63
===> mIoU: 53.32
Finish Evaluation: Mon Nov 15 07:26:54 2021
iter =    11100/  250000, loss_seg_p = 0.006 loss_seg_y = 1.169 Convex = -4.554 Volume = -20.405 Anchor = 9.866 Place_loss = 0.007
iter =    11200/  250000, loss_seg_p = 0.067 loss_seg_y = 1.235 Convex = -4.554 Volume = -20.407 Anchor = 7.053 Place_loss = 0.009
iter =    11300/  250000, loss_seg_p = 0.028 loss_seg_y = 1.231 Convex = -4.554 Volume = -20.411 Anchor = 9.326 Place_loss = 0.016
iter =    11400/  250000, loss_seg_p = 0.018 loss_seg_y = 1.194 Convex = -4.554 Volume = -20.412 Anchor = 9.304 Place_loss = 0.012
iter =    11500/  250000, loss_seg_p = 0.010 loss_seg_y = 1.164 Convex = -4.554 Volume = -20.416 Anchor = 8.704 Place_loss = 0.009
iter =    11600/  250000, loss_seg_p = 0.025 loss_seg_y = 1.184 Convex = -4.553 Volume = -20.413 Anchor = 7.660 Place_loss = 0.010
iter =    11700/  250000, loss_seg_p = 0.075 loss_seg_y = 1.291 Convex = -4.553 Volume = -20.417 Anchor = 6.875 Place_loss = 0.017
iter =    11800/  250000, loss_seg_p = 0.011 loss_seg_y = 1.132 Convex = -4.554 Volume = -20.419 Anchor = 12.257 Place_loss = 0.009
iter =    11900/  250000, loss_seg_p = 0.009 loss_seg_y = 1.165 Convex = -4.553 Volume = -20.417 Anchor = 9.975 Place_loss = 0.012
iter =    12000/  250000, loss_seg_p = 0.039 loss_seg_y = 1.249 Convex = -4.553 Volume = -20.419 Anchor = 8.732 Place_loss = 0.015
2021-11-15 07:41:24   Begin evaluation on iter    12000/  250000  
Evaluate for testing data
===>road:	92.25
===>sidewalk:	55.62
===>building:	86.18
===>wall:	33.56
===>fence:	31.09
===>pole:	38.06
===>light:	39.11
===>sign:	39.17
===>vegetation:	87.01
===>terrain:	46.13
===>sky:	88.05
===>person:	64.77
===>rider:	35.91
===>car:	87.11
===>truck:	40.26
===>bus:	51.75
===>train:	0.02
===>motocycle:	45.95
===>bicycle:	57.16
===> mIoU: 53.64
Finish Evaluation: Mon Nov 15 07:53:42 2021
iter =    12100/  250000, loss_seg_p = 0.022 loss_seg_y = 1.209 Convex = -4.553 Volume = -20.421 Anchor = 7.902 Place_loss = 0.007
iter =    12200/  250000, loss_seg_p = 0.007 loss_seg_y = 1.138 Convex = -4.553 Volume = -20.424 Anchor = 11.165 Place_loss = 0.005
iter =    12300/  250000, loss_seg_p = 0.008 loss_seg_y = 1.218 Convex = -4.552 Volume = -20.426 Anchor = 6.946 Place_loss = 0.007
iter =    12400/  250000, loss_seg_p = 0.019 loss_seg_y = 1.221 Convex = -4.551 Volume = -20.426 Anchor = 8.675 Place_loss = 0.015
iter =    12500/  250000, loss_seg_p = 0.058 loss_seg_y = 1.269 Convex = -4.548 Volume = -20.428 Anchor = 11.542 Place_loss = 0.015
iter =    12600/  250000, loss_seg_p = 0.029 loss_seg_y = 1.222 Convex = -4.545 Volume = -20.432 Anchor = 10.194 Place_loss = 0.013
iter =    12700/  250000, loss_seg_p = 0.013 loss_seg_y = 1.170 Convex = -4.541 Volume = -20.432 Anchor = 9.827 Place_loss = 0.011
iter =    12800/  250000, loss_seg_p = 0.058 loss_seg_y = 1.181 Convex = -4.541 Volume = -20.436 Anchor = 11.090 Place_loss = 0.010
iter =    12900/  250000, loss_seg_p = 0.017 loss_seg_y = 1.235 Convex = -4.541 Volume = -20.437 Anchor = 7.458 Place_loss = 0.013
iter =    13000/  250000, loss_seg_p = 0.014 loss_seg_y = 1.166 Convex = -4.540 Volume = -20.437 Anchor = 9.065 Place_loss = 0.011
2021-11-15 08:08:14   Begin evaluation on iter    13000/  250000  
Evaluate for testing data
===>road:	92.38
===>sidewalk:	56.59
===>building:	86.29
===>wall:	33.86
===>fence:	33.21
===>pole:	37.65
===>light:	38.6
===>sign:	40.52
===>vegetation:	87.09
===>terrain:	45.7
===>sky:	88.87
===>person:	64.68
===>rider:	36.3
===>car:	86.86
===>truck:	37.44
===>bus:	49.54
===>train:	0.0
===>motocycle:	44.49
===>bicycle:	57.2
===> mIoU: 53.54
Finish Evaluation: Mon Nov 15 08:20:29 2021
iter =    13100/  250000, loss_seg_p = 0.007 loss_seg_y = 1.194 Convex = -4.541 Volume = -20.438 Anchor = 13.612 Place_loss = 0.008
iter =    13200/  250000, loss_seg_p = 0.022 loss_seg_y = 1.279 Convex = -4.541 Volume = -20.441 Anchor = 8.768 Place_loss = 0.016
iter =    13300/  250000, loss_seg_p = 0.013 loss_seg_y = 1.206 Convex = -4.541 Volume = -20.443 Anchor = 9.524 Place_loss = 0.013
iter =    13400/  250000, loss_seg_p = 0.011 loss_seg_y = 1.161 Convex = -4.541 Volume = -20.444 Anchor = 9.512 Place_loss = 0.007
iter =    13500/  250000, loss_seg_p = 0.007 loss_seg_y = 1.169 Convex = -4.541 Volume = -20.443 Anchor = 8.068 Place_loss = 0.008
iter =    13600/  250000, loss_seg_p = 0.133 loss_seg_y = 1.280 Convex = -4.540 Volume = -20.440 Anchor = 8.064 Place_loss = 0.021
iter =    13700/  250000, loss_seg_p = 0.013 loss_seg_y = 1.151 Convex = -4.540 Volume = -20.443 Anchor = 8.906 Place_loss = 0.008
iter =    13800/  250000, loss_seg_p = 0.006 loss_seg_y = 1.156 Convex = -4.540 Volume = -20.443 Anchor = 8.239 Place_loss = 0.007
iter =    13900/  250000, loss_seg_p = 0.009 loss_seg_y = 1.132 Convex = -4.540 Volume = -20.445 Anchor = 7.097 Place_loss = 0.004
iter =    14000/  250000, loss_seg_p = 0.006 loss_seg_y = 1.218 Convex = -4.541 Volume = -20.445 Anchor = 10.431 Place_loss = 0.012
2021-11-15 08:34:58   Begin evaluation on iter    14000/  250000  
Evaluate for testing data
===>road:	92.57
===>sidewalk:	56.74
===>building:	86.46
===>wall:	33.19
===>fence:	32.76
===>pole:	38.36
===>light:	39.69
===>sign:	40.41
===>vegetation:	87.15
===>terrain:	46.0
===>sky:	88.38
===>person:	64.97
===>rider:	36.5
===>car:	87.32
===>truck:	41.89
===>bus:	52.5
===>train:	0.0
===>motocycle:	44.45
===>bicycle:	56.71
===> mIoU: 54.0
Finish Evaluation: Mon Nov 15 08:47:10 2021
Saving model with mIoU:  54.0
iter =    14100/  250000, loss_seg_p = 0.034 loss_seg_y = 1.331 Convex = -4.540 Volume = -20.447 Anchor = 11.032 Place_loss = 0.020
iter =    14200/  250000, loss_seg_p = 0.011 loss_seg_y = 1.159 Convex = -4.540 Volume = -20.447 Anchor = 10.067 Place_loss = 0.008
iter =    14300/  250000, loss_seg_p = 0.025 loss_seg_y = 1.196 Convex = -4.540 Volume = -20.447 Anchor = 9.902 Place_loss = 0.013
iter =    14400/  250000, loss_seg_p = 0.030 loss_seg_y = 1.338 Convex = -4.540 Volume = -20.449 Anchor = 11.809 Place_loss = 0.024
iter =    14500/  250000, loss_seg_p = 0.007 loss_seg_y = 1.138 Convex = -4.540 Volume = -20.451 Anchor = 8.218 Place_loss = 0.007
iter =    14600/  250000, loss_seg_p = 0.025 loss_seg_y = 1.139 Convex = -4.541 Volume = -20.451 Anchor = 9.512 Place_loss = 0.009
iter =    14700/  250000, loss_seg_p = 0.015 loss_seg_y = 1.199 Convex = -4.540 Volume = -20.452 Anchor = 9.161 Place_loss = 0.010
iter =    14800/  250000, loss_seg_p = 0.016 loss_seg_y = 1.157 Convex = -4.540 Volume = -20.451 Anchor = 11.510 Place_loss = 0.008
iter =    14900/  250000, loss_seg_p = 0.016 loss_seg_y = 1.192 Convex = -4.540 Volume = -20.450 Anchor = 12.109 Place_loss = 0.009
iter =    15000/  250000, loss_seg_p = 0.011 loss_seg_y = 1.213 Convex = -4.540 Volume = -20.452 Anchor = 11.272 Place_loss = 0.010
2021-11-15 09:01:43   Begin evaluation on iter    15000/  250000  
Evaluate for testing data
===>road:	91.97
===>sidewalk:	55.56
===>building:	86.17
===>wall:	33.05
===>fence:	31.2
===>pole:	37.26
===>light:	37.33
===>sign:	41.78
===>vegetation:	86.86
===>terrain:	46.53
===>sky:	88.42
===>person:	64.6
===>rider:	34.93
===>car:	87.23
===>truck:	40.43
===>bus:	49.69
===>train:	0.0
===>motocycle:	44.27
===>bicycle:	56.41
===> mIoU: 53.35
Finish Evaluation: Mon Nov 15 09:13:55 2021
iter =    15100/  250000, loss_seg_p = 0.019 loss_seg_y = 1.204 Convex = -4.540 Volume = -20.451 Anchor = 5.870 Place_loss = 0.010
iter =    15200/  250000, loss_seg_p = 0.019 loss_seg_y = 1.212 Convex = -4.540 Volume = -20.452 Anchor = 11.644 Place_loss = 0.015
iter =    15300/  250000, loss_seg_p = 0.005 loss_seg_y = 1.130 Convex = -4.540 Volume = -20.453 Anchor = 11.711 Place_loss = 0.005
iter =    15400/  250000, loss_seg_p = 0.007 loss_seg_y = 1.148 Convex = -4.540 Volume = -20.452 Anchor = 7.124 Place_loss = 0.005
iter =    15500/  250000, loss_seg_p = 0.006 loss_seg_y = 1.138 Convex = -4.541 Volume = -20.452 Anchor = 12.155 Place_loss = 0.007
iter =    15600/  250000, loss_seg_p = 0.014 loss_seg_y = 1.150 Convex = -4.541 Volume = -20.452 Anchor = 8.634 Place_loss = 0.010
iter =    15700/  250000, loss_seg_p = 0.005 loss_seg_y = 1.113 Convex = -4.540 Volume = -20.454 Anchor = 5.893 Place_loss = 0.005
iter =    15800/  250000, loss_seg_p = 0.008 loss_seg_y = 1.134 Convex = -4.540 Volume = -20.455 Anchor = 8.065 Place_loss = 0.004
iter =    15900/  250000, loss_seg_p = 0.014 loss_seg_y = 1.182 Convex = -4.540 Volume = -20.454 Anchor = 8.021 Place_loss = 0.008
iter =    16000/  250000, loss_seg_p = 0.006 loss_seg_y = 1.119 Convex = -4.540 Volume = -20.454 Anchor = 6.127 Place_loss = 0.003
2021-11-15 09:28:32   Begin evaluation on iter    16000/  250000  
Evaluate for testing data
===>road:	92.01
===>sidewalk:	55.95
===>building:	86.06
===>wall:	31.66
===>fence:	32.18
===>pole:	37.73
===>light:	38.21
===>sign:	40.01
===>vegetation:	87.11
===>terrain:	45.31
===>sky:	87.73
===>person:	64.61
===>rider:	35.97
===>car:	87.08
===>truck:	39.41
===>bus:	52.84
===>train:	0.0
===>motocycle:	46.01
===>bicycle:	56.91
===> mIoU: 53.52
Finish Evaluation: Mon Nov 15 09:40:50 2021
iter =    16100/  250000, loss_seg_p = 0.008 loss_seg_y = 1.126 Convex = -4.540 Volume = -20.455 Anchor = 7.522 Place_loss = 0.006
iter =    16200/  250000, loss_seg_p = 0.010 loss_seg_y = 1.194 Convex = -4.540 Volume = -20.456 Anchor = 14.243 Place_loss = 0.009
iter =    16300/  250000, loss_seg_p = 0.016 loss_seg_y = 1.196 Convex = -4.540 Volume = -20.456 Anchor = 7.826 Place_loss = 0.011
iter =    16400/  250000, loss_seg_p = 0.007 loss_seg_y = 1.216 Convex = -4.540 Volume = -20.456 Anchor = 7.268 Place_loss = 0.008
iter =    16500/  250000, loss_seg_p = 0.012 loss_seg_y = 1.193 Convex = -4.540 Volume = -20.456 Anchor = 10.227 Place_loss = 0.009
iter =    16600/  250000, loss_seg_p = 0.014 loss_seg_y = 1.224 Convex = -4.540 Volume = -20.455 Anchor = 9.525 Place_loss = 0.011
iter =    16700/  250000, loss_seg_p = 0.020 loss_seg_y = 1.212 Convex = -4.540 Volume = -20.456 Anchor = 10.649 Place_loss = 0.011
iter =    16800/  250000, loss_seg_p = 0.011 loss_seg_y = 1.173 Convex = -4.540 Volume = -20.457 Anchor = 9.229 Place_loss = 0.010
iter =    16900/  250000, loss_seg_p = 0.005 loss_seg_y = 1.111 Convex = -4.540 Volume = -20.459 Anchor = 10.440 Place_loss = 0.006
iter =    17000/  250000, loss_seg_p = 0.018 loss_seg_y = 1.198 Convex = -4.540 Volume = -20.460 Anchor = 6.469 Place_loss = 0.009
2021-11-15 09:55:28   Begin evaluation on iter    17000/  250000  
Evaluate for testing data
===>road:	92.35
===>sidewalk:	56.05
===>building:	86.44
===>wall:	34.57
===>fence:	31.53
===>pole:	38.19
===>light:	39.24
===>sign:	41.49
===>vegetation:	87.17
===>terrain:	45.08
===>sky:	88.55
===>person:	64.02
===>rider:	36.1
===>car:	87.07
===>truck:	39.73
===>bus:	54.18
===>train:	0.0
===>motocycle:	45.56
===>bicycle:	56.81
===> mIoU: 53.9
Finish Evaluation: Mon Nov 15 10:07:45 2021
iter =    17100/  250000, loss_seg_p = 0.018 loss_seg_y = 1.152 Convex = -4.540 Volume = -20.458 Anchor = 10.576 Place_loss = 0.010
iter =    17200/  250000, loss_seg_p = 0.012 loss_seg_y = 1.129 Convex = -4.539 Volume = -20.459 Anchor = 8.167 Place_loss = 0.005
iter =    17300/  250000, loss_seg_p = 0.009 loss_seg_y = 1.205 Convex = -4.540 Volume = -20.459 Anchor = 6.840 Place_loss = 0.007
iter =    17400/  250000, loss_seg_p = 0.031 loss_seg_y = 1.298 Convex = -4.539 Volume = -20.458 Anchor = 11.162 Place_loss = 0.015
iter =    17500/  250000, loss_seg_p = 0.008 loss_seg_y = 1.164 Convex = -4.539 Volume = -20.457 Anchor = 7.270 Place_loss = 0.008
iter =    17600/  250000, loss_seg_p = 0.013 loss_seg_y = 1.208 Convex = -4.539 Volume = -20.457 Anchor = 8.381 Place_loss = 0.010
iter =    17700/  250000, loss_seg_p = 0.126 loss_seg_y = 1.216 Convex = -4.540 Volume = -20.460 Anchor = 11.554 Place_loss = 0.013
iter =    17800/  250000, loss_seg_p = 0.015 loss_seg_y = 1.213 Convex = -4.539 Volume = -20.459 Anchor = 10.302 Place_loss = 0.010
iter =    17900/  250000, loss_seg_p = 0.018 loss_seg_y = 1.183 Convex = -4.540 Volume = -20.459 Anchor = 7.879 Place_loss = 0.009
iter =    18000/  250000, loss_seg_p = 0.007 loss_seg_y = 1.170 Convex = -4.539 Volume = -20.457 Anchor = 5.074 Place_loss = 0.005
2021-11-15 10:22:19   Begin evaluation on iter    18000/  250000  
Evaluate for testing data
===>road:	92.28
===>sidewalk:	55.84
===>building:	86.32
===>wall:	34.39
===>fence:	31.68
===>pole:	37.79
===>light:	39.93
===>sign:	41.36
===>vegetation:	87.11
===>terrain:	47.8
===>sky:	88.48
===>person:	64.66
===>rider:	36.34
===>car:	87.32
===>truck:	41.74
===>bus:	55.22
===>train:	0.01
===>motocycle:	47.35
===>bicycle:	57.6
===> mIoU: 54.38
Finish Evaluation: Mon Nov 15 10:34:34 2021
Saving model with mIoU:  54.38
iter =    18100/  250000, loss_seg_p = 0.007 loss_seg_y = 1.170 Convex = -4.539 Volume = -20.460 Anchor = 7.153 Place_loss = 0.004
iter =    18200/  250000, loss_seg_p = 0.018 loss_seg_y = 1.177 Convex = -4.539 Volume = -20.459 Anchor = 9.879 Place_loss = 0.012
iter =    18300/  250000, loss_seg_p = 0.040 loss_seg_y = 1.309 Convex = -4.539 Volume = -20.458 Anchor = 8.055 Place_loss = 0.013
iter =    18400/  250000, loss_seg_p = 0.016 loss_seg_y = 1.233 Convex = -4.540 Volume = -20.459 Anchor = 10.172 Place_loss = 0.013
iter =    18500/  250000, loss_seg_p = 0.003 loss_seg_y = 1.161 Convex = -4.540 Volume = -20.462 Anchor = 7.929 Place_loss = 0.004
iter =    18600/  250000, loss_seg_p = 0.007 loss_seg_y = 1.154 Convex = -4.540 Volume = -20.460 Anchor = 9.664 Place_loss = 0.008
iter =    18700/  250000, loss_seg_p = 0.020 loss_seg_y = 1.265 Convex = -4.539 Volume = -20.462 Anchor = 8.737 Place_loss = 0.009
iter =    18800/  250000, loss_seg_p = 0.015 loss_seg_y = 1.158 Convex = -4.539 Volume = -20.461 Anchor = 10.413 Place_loss = 0.009
iter =    18900/  250000, loss_seg_p = 0.040 loss_seg_y = 1.217 Convex = -4.539 Volume = -20.460 Anchor = 9.185 Place_loss = 0.009
iter =    19000/  250000, loss_seg_p = 0.006 loss_seg_y = 1.141 Convex = -4.539 Volume = -20.462 Anchor = 8.249 Place_loss = 0.005
2021-11-15 10:49:11   Begin evaluation on iter    19000/  250000  
Evaluate for testing data
===>road:	92.07
===>sidewalk:	55.83
===>building:	86.13
===>wall:	32.74
===>fence:	30.98
===>pole:	38.03
===>light:	37.35
===>sign:	39.54
===>vegetation:	86.97
===>terrain:	45.63
===>sky:	87.81
===>person:	64.61
===>rider:	36.14
===>car:	87.04
===>truck:	39.44
===>bus:	53.48
===>train:	0.0
===>motocycle:	45.92
===>bicycle:	56.24
===> mIoU: 53.47
Finish Evaluation: Mon Nov 15 11:01:34 2021
iter =    19100/  250000, loss_seg_p = 0.011 loss_seg_y = 1.185 Convex = -4.539 Volume = -20.462 Anchor = 7.695 Place_loss = 0.011
iter =    19200/  250000, loss_seg_p = 0.004 loss_seg_y = 1.145 Convex = -4.540 Volume = -20.461 Anchor = 10.040 Place_loss = 0.004
iter =    19300/  250000, loss_seg_p = 0.016 loss_seg_y = 1.176 Convex = -4.539 Volume = -20.461 Anchor = 12.200 Place_loss = 0.012
iter =    19400/  250000, loss_seg_p = 0.002 loss_seg_y = 1.107 Convex = -4.540 Volume = -20.462 Anchor = 5.721 Place_loss = 0.003
iter =    19500/  250000, loss_seg_p = 0.017 loss_seg_y = 1.229 Convex = -4.539 Volume = -20.461 Anchor = 8.917 Place_loss = 0.012
iter =    19600/  250000, loss_seg_p = 0.014 loss_seg_y = 1.201 Convex = -4.540 Volume = -20.459 Anchor = 11.631 Place_loss = 0.011
iter =    19700/  250000, loss_seg_p = 0.022 loss_seg_y = 1.187 Convex = -4.539 Volume = -20.461 Anchor = 10.132 Place_loss = 0.011
iter =    19800/  250000, loss_seg_p = 0.033 loss_seg_y = 1.220 Convex = -4.539 Volume = -20.461 Anchor = 8.750 Place_loss = 0.011
iter =    19900/  250000, loss_seg_p = 0.006 loss_seg_y = 1.118 Convex = -4.539 Volume = -20.464 Anchor = 7.958 Place_loss = 0.005
iter =    20000/  250000, loss_seg_p = 0.164 loss_seg_y = 1.385 Convex = -4.539 Volume = -20.463 Anchor = 12.411 Place_loss = 0.022
2021-11-15 11:16:10   Begin evaluation on iter    20000/  250000  
Evaluate for testing data
===>road:	92.45
===>sidewalk:	56.78
===>building:	86.35
===>wall:	35.53
===>fence:	31.76
===>pole:	37.99
===>light:	39.73
===>sign:	41.28
===>vegetation:	87.1
===>terrain:	47.31
===>sky:	88.28
===>person:	64.56
===>rider:	36.72
===>car:	87.06
===>truck:	37.81
===>bus:	49.88
===>train:	0.01
===>motocycle:	45.42
===>bicycle:	57.17
===> mIoU: 53.85
Finish Evaluation: Mon Nov 15 11:28:34 2021
iter =    20100/  250000, loss_seg_p = 0.004 loss_seg_y = 1.118 Convex = -4.540 Volume = -20.463 Anchor = 7.868 Place_loss = 0.003
iter =    20200/  250000, loss_seg_p = 0.016 loss_seg_y = 1.170 Convex = -4.540 Volume = -20.462 Anchor = 9.665 Place_loss = 0.008
iter =    20300/  250000, loss_seg_p = 0.009 loss_seg_y = 1.146 Convex = -4.539 Volume = -20.463 Anchor = 13.096 Place_loss = 0.008
iter =    20400/  250000, loss_seg_p = 0.010 loss_seg_y = 1.158 Convex = -4.539 Volume = -20.464 Anchor = 7.452 Place_loss = 0.006
iter =    20500/  250000, loss_seg_p = 0.005 loss_seg_y = 1.136 Convex = -4.539 Volume = -20.462 Anchor = 7.707 Place_loss = 0.006
iter =    20600/  250000, loss_seg_p = 0.015 loss_seg_y = 1.177 Convex = -4.539 Volume = -20.463 Anchor = 11.360 Place_loss = 0.008
iter =    20700/  250000, loss_seg_p = 0.010 loss_seg_y = 1.151 Convex = -4.540 Volume = -20.463 Anchor = 9.388 Place_loss = 0.006
iter =    20800/  250000, loss_seg_p = 0.005 loss_seg_y = 1.154 Convex = -4.539 Volume = -20.465 Anchor = 6.530 Place_loss = 0.005
iter =    20900/  250000, loss_seg_p = 0.005 loss_seg_y = 1.130 Convex = -4.539 Volume = -20.465 Anchor = 8.863 Place_loss = 0.005
iter =    21000/  250000, loss_seg_p = 0.011 loss_seg_y = 1.254 Convex = -4.539 Volume = -20.467 Anchor = 10.591 Place_loss = 0.009
2021-11-15 11:43:08   Begin evaluation on iter    21000/  250000  
Evaluate for testing data
===>road:	92.51
===>sidewalk:	56.67
===>building:	86.51
===>wall:	33.47
===>fence:	32.05
===>pole:	37.83
===>light:	38.67
===>sign:	41.12
===>vegetation:	87.2
===>terrain:	48.41
===>sky:	88.57
===>person:	64.64
===>rider:	36.03
===>car:	87.17
===>truck:	39.52
===>bus:	50.45
===>train:	0.0
===>motocycle:	45.37
===>bicycle:	57.27
===> mIoU: 53.87
Finish Evaluation: Mon Nov 15 11:55:07 2021
iter =    21100/  250000, loss_seg_p = 0.008 loss_seg_y = 1.151 Convex = -4.539 Volume = -20.466 Anchor = 8.880 Place_loss = 0.006
iter =    21200/  250000, loss_seg_p = 0.019 loss_seg_y = 1.217 Convex = -4.540 Volume = -20.465 Anchor = 10.086 Place_loss = 0.010
iter =    21300/  250000, loss_seg_p = 0.017 loss_seg_y = 1.176 Convex = -4.539 Volume = -20.466 Anchor = 7.597 Place_loss = 0.009
iter =    21400/  250000, loss_seg_p = 0.006 loss_seg_y = 1.159 Convex = -4.540 Volume = -20.466 Anchor = 9.384 Place_loss = 0.008
iter =    21500/  250000, loss_seg_p = 0.005 loss_seg_y = 1.116 Convex = -4.540 Volume = -20.466 Anchor = 7.727 Place_loss = 0.004
iter =    21600/  250000, loss_seg_p = 0.075 loss_seg_y = 1.497 Convex = -4.540 Volume = -20.465 Anchor = 9.682 Place_loss = 0.025
iter =    21700/  250000, loss_seg_p = 0.007 loss_seg_y = 1.122 Convex = -4.539 Volume = -20.465 Anchor = 9.529 Place_loss = 0.006
iter =    21800/  250000, loss_seg_p = 0.011 loss_seg_y = 1.172 Convex = -4.539 Volume = -20.469 Anchor = 11.071 Place_loss = 0.008
iter =    21900/  250000, loss_seg_p = 0.015 loss_seg_y = 1.222 Convex = -4.539 Volume = -20.471 Anchor = 11.058 Place_loss = 0.012
iter =    22000/  250000, loss_seg_p = 0.018 loss_seg_y = 1.144 Convex = -4.540 Volume = -20.468 Anchor = 10.874 Place_loss = 0.011
2021-11-15 12:09:40   Begin evaluation on iter    22000/  250000  
Evaluate for testing data
===>road:	92.74
===>sidewalk:	57.19
===>building:	86.34
===>wall:	33.11
===>fence:	32.8
===>pole:	38.05
===>light:	39.06
===>sign:	40.95
===>vegetation:	87.09
===>terrain:	47.35
===>sky:	88.22
===>person:	64.69
===>rider:	35.72
===>car:	87.1
===>truck:	37.72
===>bus:	48.29
===>train:	0.0
===>motocycle:	44.85
===>bicycle:	56.52
===> mIoU: 53.57
Finish Evaluation: Mon Nov 15 12:22:09 2021
iter =    22100/  250000, loss_seg_p = 0.014 loss_seg_y = 1.188 Convex = -4.539 Volume = -20.469 Anchor = 9.555 Place_loss = 0.009
iter =    22200/  250000, loss_seg_p = 0.025 loss_seg_y = 1.263 Convex = -4.539 Volume = -20.469 Anchor = 10.181 Place_loss = 0.017
iter =    22300/  250000, loss_seg_p = 0.013 loss_seg_y = 1.214 Convex = -4.539 Volume = -20.469 Anchor = 8.230 Place_loss = 0.011
iter =    22400/  250000, loss_seg_p = 0.005 loss_seg_y = 1.175 Convex = -4.539 Volume = -20.468 Anchor = 8.695 Place_loss = 0.005
iter =    22500/  250000, loss_seg_p = 0.003 loss_seg_y = 1.134 Convex = -4.539 Volume = -20.466 Anchor = 8.906 Place_loss = 0.004
iter =    22600/  250000, loss_seg_p = 0.009 loss_seg_y = 1.177 Convex = -4.539 Volume = -20.471 Anchor = 6.478 Place_loss = 0.007
iter =    22700/  250000, loss_seg_p = 0.004 loss_seg_y = 1.108 Convex = -4.539 Volume = -20.469 Anchor = 8.473 Place_loss = 0.004
iter =    22800/  250000, loss_seg_p = 0.005 loss_seg_y = 1.126 Convex = -4.539 Volume = -20.469 Anchor = 9.253 Place_loss = 0.006
iter =    22900/  250000, loss_seg_p = 0.026 loss_seg_y = 1.197 Convex = -4.539 Volume = -20.469 Anchor = 12.085 Place_loss = 0.012
iter =    23000/  250000, loss_seg_p = 0.004 loss_seg_y = 1.095 Convex = -4.539 Volume = -20.466 Anchor = 10.038 Place_loss = 0.003
2021-11-15 12:36:42   Begin evaluation on iter    23000/  250000  
Evaluate for testing data
===>road:	92.21
===>sidewalk:	56.05
===>building:	86.4
===>wall:	33.88
===>fence:	32.39
===>pole:	38.31
===>light:	39.25
===>sign:	39.66
===>vegetation:	87.17
===>terrain:	46.79
===>sky:	88.24
===>person:	64.62
===>rider:	34.81
===>car:	87.28
===>truck:	39.26
===>bus:	51.16
===>train:	0.0
===>motocycle:	45.06
===>bicycle:	56.74
===> mIoU: 53.65
Finish Evaluation: Mon Nov 15 12:49:00 2021
iter =    23100/  250000, loss_seg_p = 0.004 loss_seg_y = 1.128 Convex = -4.539 Volume = -20.468 Anchor = 7.231 Place_loss = 0.003
iter =    23200/  250000, loss_seg_p = 0.079 loss_seg_y = 1.468 Convex = -4.539 Volume = -20.471 Anchor = 13.607 Place_loss = 0.019
iter =    23300/  250000, loss_seg_p = 0.010 loss_seg_y = 1.168 Convex = -4.539 Volume = -20.471 Anchor = 9.602 Place_loss = 0.009
iter =    23400/  250000, loss_seg_p = 0.016 loss_seg_y = 1.197 Convex = -4.539 Volume = -20.472 Anchor = 11.009 Place_loss = 0.012
iter =    23500/  250000, loss_seg_p = 0.009 loss_seg_y = 1.180 Convex = -4.539 Volume = -20.470 Anchor = 11.231 Place_loss = 0.009
iter =    23600/  250000, loss_seg_p = 0.010 loss_seg_y = 1.153 Convex = -4.539 Volume = -20.470 Anchor = 9.494 Place_loss = 0.009
iter =    23700/  250000, loss_seg_p = 0.019 loss_seg_y = 1.210 Convex = -4.539 Volume = -20.466 Anchor = 10.150 Place_loss = 0.010
iter =    23800/  250000, loss_seg_p = 0.023 loss_seg_y = 1.245 Convex = -4.539 Volume = -20.464 Anchor = 10.740 Place_loss = 0.011
iter =    23900/  250000, loss_seg_p = 0.012 loss_seg_y = 1.206 Convex = -4.539 Volume = -20.465 Anchor = 11.396 Place_loss = 0.008
iter =    24000/  250000, loss_seg_p = 0.015 loss_seg_y = 1.188 Convex = -4.539 Volume = -20.463 Anchor = 12.119 Place_loss = 0.011
2021-11-15 13:03:33   Begin evaluation on iter    24000/  250000  
Evaluate for testing data
===>road:	92.24
===>sidewalk:	56.38
===>building:	86.16
===>wall:	34.82
===>fence:	30.9
===>pole:	37.26
===>light:	38.55
===>sign:	40.46
===>vegetation:	87.02
===>terrain:	47.11
===>sky:	87.98
===>person:	64.2
===>rider:	35.6
===>car:	87.15
===>truck:	39.47
===>bus:	52.74
===>train:	0.0
===>motocycle:	45.05
===>bicycle:	56.72
===> mIoU: 53.67
Finish Evaluation: Mon Nov 15 13:15:48 2021
iter =    24100/  250000, loss_seg_p = 0.003 loss_seg_y = 1.133 Convex = -4.539 Volume = -20.464 Anchor = 8.719 Place_loss = 0.005
iter =    24200/  250000, loss_seg_p = 0.005 loss_seg_y = 1.194 Convex = -4.539 Volume = -20.462 Anchor = 11.547 Place_loss = 0.007
iter =    24300/  250000, loss_seg_p = 0.003 loss_seg_y = 1.123 Convex = -4.539 Volume = -20.464 Anchor = 7.384 Place_loss = 0.005
iter =    24400/  250000, loss_seg_p = 0.008 loss_seg_y = 1.163 Convex = -4.539 Volume = -20.465 Anchor = 10.268 Place_loss = 0.010
iter =    24500/  250000, loss_seg_p = 0.007 loss_seg_y = 1.109 Convex = -4.538 Volume = -20.464 Anchor = 10.429 Place_loss = 0.005
iter =    24600/  250000, loss_seg_p = 0.007 loss_seg_y = 1.202 Convex = -4.539 Volume = -20.467 Anchor = 8.023 Place_loss = 0.010
iter =    24700/  250000, loss_seg_p = 0.006 loss_seg_y = 1.165 Convex = -4.539 Volume = -20.469 Anchor = 11.294 Place_loss = 0.007
iter =    24800/  250000, loss_seg_p = 0.011 loss_seg_y = 1.207 Convex = -4.538 Volume = -20.468 Anchor = 6.347 Place_loss = 0.009
iter =    24900/  250000, loss_seg_p = 0.005 loss_seg_y = 1.141 Convex = -4.538 Volume = -20.468 Anchor = 8.077 Place_loss = 0.005
iter =    25000/  250000, loss_seg_p = 0.040 loss_seg_y = 1.291 Convex = -4.538 Volume = -20.468 Anchor = 10.885 Place_loss = 0.018
2021-11-15 13:30:24   Begin evaluation on iter    25000/  250000  
Evaluate for testing data
===>road:	92.03
===>sidewalk:	55.76
===>building:	86.5
===>wall:	33.69
===>fence:	32.01
===>pole:	38.05
===>light:	39.41
===>sign:	41.2
===>vegetation:	87.15
===>terrain:	45.68
===>sky:	88.81
===>person:	64.56
===>rider:	35.51
===>car:	87.32
===>truck:	41.23
===>bus:	52.37
===>train:	0.0
===>motocycle:	43.74
===>bicycle:	56.87
===> mIoU: 53.78
Finish Evaluation: Mon Nov 15 13:42:43 2021
iter =    25100/  250000, loss_seg_p = 0.010 loss_seg_y = 1.147 Convex = -4.538 Volume = -20.468 Anchor = 7.932 Place_loss = 0.007
iter =    25200/  250000, loss_seg_p = 0.028 loss_seg_y = 1.242 Convex = -4.538 Volume = -20.471 Anchor = 8.170 Place_loss = 0.010
iter =    25300/  250000, loss_seg_p = 0.006 loss_seg_y = 1.169 Convex = -4.538 Volume = -20.471 Anchor = 11.200 Place_loss = 0.008
iter =    25400/  250000, loss_seg_p = 0.009 loss_seg_y = 1.142 Convex = -4.538 Volume = -20.468 Anchor = 9.956 Place_loss = 0.006
iter =    25500/  250000, loss_seg_p = 0.007 loss_seg_y = 1.165 Convex = -4.538 Volume = -20.472 Anchor = 9.593 Place_loss = 0.005
iter =    25600/  250000, loss_seg_p = 0.006 loss_seg_y = 1.137 Convex = -4.538 Volume = -20.475 Anchor = 6.703 Place_loss = 0.004
iter =    25700/  250000, loss_seg_p = 0.004 loss_seg_y = 1.141 Convex = -4.537 Volume = -20.474 Anchor = 8.988 Place_loss = 0.005
iter =    25800/  250000, loss_seg_p = 0.013 loss_seg_y = 1.207 Convex = -4.537 Volume = -20.476 Anchor = 11.983 Place_loss = 0.012
iter =    25900/  250000, loss_seg_p = 0.003 loss_seg_y = 1.115 Convex = -4.537 Volume = -20.479 Anchor = 7.810 Place_loss = 0.003
iter =    26000/  250000, loss_seg_p = 0.003 loss_seg_y = 1.155 Convex = -4.537 Volume = -20.477 Anchor = 7.346 Place_loss = 0.004
2021-11-15 13:57:14   Begin evaluation on iter    26000/  250000  
Evaluate for testing data
===>road:	92.28
===>sidewalk:	56.14
===>building:	86.47
===>wall:	33.68
===>fence:	32.88
===>pole:	37.42
===>light:	38.33
===>sign:	41.19
===>vegetation:	87.0
===>terrain:	46.84
===>sky:	88.88
===>person:	64.62
===>rider:	36.3
===>car:	87.01
===>truck:	40.17
===>bus:	49.76
===>train:	0.0
===>motocycle:	45.0
===>bicycle:	56.75
===> mIoU: 53.72
Finish Evaluation: Mon Nov 15 14:09:53 2021
iter =    26100/  250000, loss_seg_p = 0.009 loss_seg_y = 1.109 Convex = -4.537 Volume = -20.478 Anchor = 7.347 Place_loss = 0.005
iter =    26200/  250000, loss_seg_p = 0.022 loss_seg_y = 1.186 Convex = -4.535 Volume = -20.479 Anchor = 9.140 Place_loss = 0.010
iter =    26300/  250000, loss_seg_p = 0.003 loss_seg_y = 1.127 Convex = -4.535 Volume = -20.478 Anchor = 8.062 Place_loss = 0.005
iter =    26400/  250000, loss_seg_p = 0.003 loss_seg_y = 1.102 Convex = -4.534 Volume = -20.477 Anchor = 6.575 Place_loss = 0.003
iter =    26500/  250000, loss_seg_p = 0.004 loss_seg_y = 1.123 Convex = -4.534 Volume = -20.476 Anchor = 8.921 Place_loss = 0.004
iter =    26600/  250000, loss_seg_p = 0.012 loss_seg_y = 1.179 Convex = -4.533 Volume = -20.477 Anchor = 10.214 Place_loss = 0.008
iter =    26700/  250000, loss_seg_p = 0.007 loss_seg_y = 1.171 Convex = -4.532 Volume = -20.478 Anchor = 9.908 Place_loss = 0.007
iter =    26800/  250000, loss_seg_p = 0.021 loss_seg_y = 1.175 Convex = -4.531 Volume = -20.477 Anchor = 11.343 Place_loss = 0.008
iter =    26900/  250000, loss_seg_p = 0.009 loss_seg_y = 1.129 Convex = -4.530 Volume = -20.477 Anchor = 9.219 Place_loss = 0.007
iter =    27000/  250000, loss_seg_p = 0.010 loss_seg_y = 1.184 Convex = -4.528 Volume = -20.476 Anchor = 9.063 Place_loss = 0.009
2021-11-15 14:24:28   Begin evaluation on iter    27000/  250000  
Evaluate for testing data
===>road:	92.27
===>sidewalk:	56.74
===>building:	86.24
===>wall:	34.17
===>fence:	32.97
===>pole:	37.79
===>light:	38.1
===>sign:	40.23
===>vegetation:	86.97
===>terrain:	45.95
===>sky:	88.35
===>person:	64.54
===>rider:	36.29
===>car:	87.03
===>truck:	40.14
===>bus:	53.58
===>train:	0.0
===>motocycle:	44.89
===>bicycle:	56.9
===> mIoU: 53.85
Finish Evaluation: Mon Nov 15 14:36:45 2021
iter =    27100/  250000, loss_seg_p = 0.014 loss_seg_y = 1.239 Convex = -4.527 Volume = -20.476 Anchor = 10.034 Place_loss = 0.015
iter =    27200/  250000, loss_seg_p = 0.013 loss_seg_y = 1.236 Convex = -4.525 Volume = -20.476 Anchor = 9.734 Place_loss = 0.015
iter =    27300/  250000, loss_seg_p = 0.041 loss_seg_y = 1.347 Convex = -4.523 Volume = -20.479 Anchor = 12.899 Place_loss = 0.020
iter =    27400/  250000, loss_seg_p = 0.015 loss_seg_y = 1.236 Convex = -4.518 Volume = -20.478 Anchor = 9.248 Place_loss = 0.011
iter =    27500/  250000, loss_seg_p = 0.007 loss_seg_y = 1.135 Convex = -4.513 Volume = -20.476 Anchor = 11.825 Place_loss = 0.005
iter =    27600/  250000, loss_seg_p = 0.005 loss_seg_y = 1.144 Convex = -4.507 Volume = -20.472 Anchor = 9.483 Place_loss = 0.008
iter =    27700/  250000, loss_seg_p = 0.006 loss_seg_y = 1.134 Convex = -4.501 Volume = -20.466 Anchor = 6.039 Place_loss = 0.003
iter =    27800/  250000, loss_seg_p = 0.017 loss_seg_y = 1.205 Convex = -4.495 Volume = -20.460 Anchor = 11.723 Place_loss = 0.010
iter =    27900/  250000, loss_seg_p = 0.004 loss_seg_y = 1.190 Convex = -4.490 Volume = -20.451 Anchor = 13.050 Place_loss = 0.006
iter =    28000/  250000, loss_seg_p = 0.003 loss_seg_y = 1.149 Convex = -4.483 Volume = -20.446 Anchor = 4.848 Place_loss = 0.002
2021-11-15 14:51:18   Begin evaluation on iter    28000/  250000  
Evaluate for testing data
===>road:	92.1
===>sidewalk:	55.85
===>building:	86.07
===>wall:	32.6
===>fence:	32.03
===>pole:	37.28
===>light:	39.05
===>sign:	39.35
===>vegetation:	87.03
===>terrain:	41.09
===>sky:	87.88
===>person:	64.61
===>rider:	36.2
===>car:	86.95
===>truck:	37.27
===>bus:	50.67
===>train:	0.01
===>motocycle:	45.46
===>bicycle:	56.89
===> mIoU: 53.07
Finish Evaluation: Mon Nov 15 15:03:46 2021
iter =    28100/  250000, loss_seg_p = 0.013 loss_seg_y = 1.256 Convex = -4.473 Volume = -20.440 Anchor = 10.517 Place_loss = 0.015
iter =    28200/  250000, loss_seg_p = 0.010 loss_seg_y = 1.143 Convex = -4.456 Volume = -20.435 Anchor = 10.277 Place_loss = 0.008
iter =    28300/  250000, loss_seg_p = 0.010 loss_seg_y = 1.153 Convex = -4.432 Volume = -20.422 Anchor = 10.725 Place_loss = 0.006
iter =    28400/  250000, loss_seg_p = 0.006 loss_seg_y = 1.151 Convex = -4.401 Volume = -20.405 Anchor = 10.958 Place_loss = 0.008
iter =    28500/  250000, loss_seg_p = 0.015 loss_seg_y = 1.167 Convex = -4.372 Volume = -20.380 Anchor = 10.175 Place_loss = 0.009
iter =    28600/  250000, loss_seg_p = 0.012 loss_seg_y = 1.164 Convex = -4.349 Volume = -20.351 Anchor = 11.434 Place_loss = 0.006
iter =    28700/  250000, loss_seg_p = 0.016 loss_seg_y = 1.207 Convex = -4.333 Volume = -20.324 Anchor = 10.717 Place_loss = 0.010
iter =    28800/  250000, loss_seg_p = 0.023 loss_seg_y = 1.204 Convex = -4.323 Volume = -20.306 Anchor = 7.721 Place_loss = 0.010
iter =    28900/  250000, loss_seg_p = 0.012 loss_seg_y = 1.214 Convex = -4.316 Volume = -20.291 Anchor = 11.269 Place_loss = 0.013
iter =    29000/  250000, loss_seg_p = 0.002 loss_seg_y = 1.097 Convex = -4.312 Volume = -20.281 Anchor = 8.330 Place_loss = 0.003
2021-11-15 15:18:15   Begin evaluation on iter    29000/  250000  
Evaluate for testing data
===>road:	92.39
===>sidewalk:	56.08
===>building:	86.38
===>wall:	35.48
===>fence:	31.64
===>pole:	37.39
===>light:	38.69
===>sign:	40.99
===>vegetation:	87.13
===>terrain:	48.31
===>sky:	88.34
===>person:	64.62
===>rider:	35.65
===>car:	87.13
===>truck:	39.56
===>bus:	51.66
===>train:	0.0
===>motocycle:	44.17
===>bicycle:	57.03
===> mIoU: 53.82
Finish Evaluation: Mon Nov 15 15:30:36 2021
iter =    29100/  250000, loss_seg_p = 0.044 loss_seg_y = 1.312 Convex = -4.309 Volume = -20.275 Anchor = 9.993 Place_loss = 0.010
iter =    29200/  250000, loss_seg_p = 0.008 loss_seg_y = 1.158 Convex = -4.307 Volume = -20.269 Anchor = 8.829 Place_loss = 0.005
iter =    29300/  250000, loss_seg_p = 0.015 loss_seg_y = 1.166 Convex = -4.305 Volume = -20.265 Anchor = 11.607 Place_loss = 0.009
iter =    29400/  250000, loss_seg_p = 0.009 loss_seg_y = 1.209 Convex = -4.305 Volume = -20.260 Anchor = 9.190 Place_loss = 0.007
iter =    29500/  250000, loss_seg_p = 0.004 loss_seg_y = 1.164 Convex = -4.304 Volume = -20.260 Anchor = 11.461 Place_loss = 0.007
iter =    29600/  250000, loss_seg_p = 0.019 loss_seg_y = 1.151 Convex = -4.303 Volume = -20.257 Anchor = 8.368 Place_loss = 0.007
iter =    29700/  250000, loss_seg_p = 0.004 loss_seg_y = 1.154 Convex = -4.303 Volume = -20.258 Anchor = 10.921 Place_loss = 0.007
iter =    29800/  250000, loss_seg_p = 0.009 loss_seg_y = 1.203 Convex = -4.302 Volume = -20.256 Anchor = 9.067 Place_loss = 0.010
iter =    29900/  250000, loss_seg_p = 0.006 loss_seg_y = 1.185 Convex = -4.302 Volume = -20.256 Anchor = 9.352 Place_loss = 0.005
iter =    30000/  250000, loss_seg_p = 0.004 loss_seg_y = 1.125 Convex = -4.302 Volume = -20.258 Anchor = 8.695 Place_loss = 0.005
2021-11-15 15:45:12   Begin evaluation on iter    30000/  250000  
Evaluate for testing data
===>road:	92.31
===>sidewalk:	56.81
===>building:	86.4
===>wall:	34.78
===>fence:	32.49
===>pole:	38.09
===>light:	38.64
===>sign:	39.38
===>vegetation:	87.06
===>terrain:	44.85
===>sky:	88.25
===>person:	64.75
===>rider:	35.76
===>car:	87.1
===>truck:	41.61
===>bus:	52.31
===>train:	0.0
===>motocycle:	43.78
===>bicycle:	56.54
===> mIoU: 53.73
Finish Evaluation: Mon Nov 15 15:57:32 2021
iter =    30100/  250000, loss_seg_p = 0.005 loss_seg_y = 1.146 Convex = -4.302 Volume = -20.256 Anchor = 10.190 Place_loss = 0.007
iter =    30200/  250000, loss_seg_p = 0.012 loss_seg_y = 1.189 Convex = -4.302 Volume = -20.257 Anchor = 9.653 Place_loss = 0.010
iter =    30300/  250000, loss_seg_p = 0.009 loss_seg_y = 1.157 Convex = -4.302 Volume = -20.255 Anchor = 7.721 Place_loss = 0.004
iter =    30400/  250000, loss_seg_p = 0.035 loss_seg_y = 1.214 Convex = -4.301 Volume = -20.254 Anchor = 10.846 Place_loss = 0.011
iter =    30500/  250000, loss_seg_p = 0.005 loss_seg_y = 1.142 Convex = -4.301 Volume = -20.255 Anchor = 9.139 Place_loss = 0.006
iter =    30600/  250000, loss_seg_p = 0.011 loss_seg_y = 1.227 Convex = -4.301 Volume = -20.256 Anchor = 8.330 Place_loss = 0.009
iter =    30700/  250000, loss_seg_p = 0.022 loss_seg_y = 1.172 Convex = -4.301 Volume = -20.255 Anchor = 10.402 Place_loss = 0.011
iter =    30800/  250000, loss_seg_p = 0.015 loss_seg_y = 1.126 Convex = -4.301 Volume = -20.255 Anchor = 7.140 Place_loss = 0.006
iter =    30900/  250000, loss_seg_p = 0.006 loss_seg_y = 1.120 Convex = -4.301 Volume = -20.255 Anchor = 9.423 Place_loss = 0.003
iter =    31000/  250000, loss_seg_p = 0.008 loss_seg_y = 1.212 Convex = -4.301 Volume = -20.255 Anchor = 8.441 Place_loss = 0.008
2021-11-15 16:11:58   Begin evaluation on iter    31000/  250000  
Evaluate for testing data
===>road:	92.53
===>sidewalk:	56.35
===>building:	86.41
===>wall:	36.06
===>fence:	32.72
===>pole:	37.32
===>light:	37.89
===>sign:	40.57
===>vegetation:	86.8
===>terrain:	47.65
===>sky:	88.68
===>person:	64.41
===>rider:	35.88
===>car:	87.05
===>truck:	41.32
===>bus:	52.13
===>train:	0.0
===>motocycle:	44.07
===>bicycle:	56.55
===> mIoU: 53.92
Finish Evaluation: Mon Nov 15 16:24:22 2021
iter =    31100/  250000, loss_seg_p = 0.027 loss_seg_y = 1.166 Convex = -4.301 Volume = -20.255 Anchor = 7.259 Place_loss = 0.007
iter =    31200/  250000, loss_seg_p = 0.005 loss_seg_y = 1.144 Convex = -4.301 Volume = -20.256 Anchor = 7.373 Place_loss = 0.004
iter =    31300/  250000, loss_seg_p = 0.008 loss_seg_y = 1.149 Convex = -4.301 Volume = -20.253 Anchor = 8.850 Place_loss = 0.007
iter =    31400/  250000, loss_seg_p = 0.011 loss_seg_y = 1.225 Convex = -4.301 Volume = -20.255 Anchor = 7.083 Place_loss = 0.007
iter =    31500/  250000, loss_seg_p = 0.005 loss_seg_y = 1.151 Convex = -4.301 Volume = -20.253 Anchor = 8.575 Place_loss = 0.007
iter =    31600/  250000, loss_seg_p = 0.024 loss_seg_y = 1.249 Convex = -4.301 Volume = -20.254 Anchor = 6.771 Place_loss = 0.011
iter =    31700/  250000, loss_seg_p = 0.020 loss_seg_y = 1.289 Convex = -4.301 Volume = -20.255 Anchor = 8.838 Place_loss = 0.011
iter =    31800/  250000, loss_seg_p = 0.003 loss_seg_y = 1.148 Convex = -4.300 Volume = -20.254 Anchor = 6.883 Place_loss = 0.003
iter =    31900/  250000, loss_seg_p = 0.085 loss_seg_y = 1.350 Convex = -4.301 Volume = -20.254 Anchor = 10.438 Place_loss = 0.019
iter =    32000/  250000, loss_seg_p = 0.006 loss_seg_y = 1.157 Convex = -4.301 Volume = -20.254 Anchor = 9.138 Place_loss = 0.005
2021-11-15 16:38:53   Begin evaluation on iter    32000/  250000  
Evaluate for testing data
===>road:	92.17
===>sidewalk:	56.31
===>building:	86.13
===>wall:	33.17
===>fence:	32.3
===>pole:	37.76
===>light:	37.99
===>sign:	40.51
===>vegetation:	87.1
===>terrain:	46.53
===>sky:	88.01
===>person:	64.39
===>rider:	36.24
===>car:	87.2
===>truck:	39.63
===>bus:	51.54
===>train:	0.0
===>motocycle:	46.0
===>bicycle:	56.93
===> mIoU: 53.68
Finish Evaluation: Mon Nov 15 16:51:20 2021
iter =    32100/  250000, loss_seg_p = 0.003 loss_seg_y = 1.303 Convex = -4.301 Volume = -20.252 Anchor = 4.723 Place_loss = 0.004
iter =    32200/  250000, loss_seg_p = 0.005 loss_seg_y = 1.140 Convex = -4.301 Volume = -20.255 Anchor = 9.162 Place_loss = 0.005
iter =    32300/  250000, loss_seg_p = 0.017 loss_seg_y = 1.246 Convex = -4.301 Volume = -20.254 Anchor = 10.429 Place_loss = 0.010
iter =    32400/  250000, loss_seg_p = 0.005 loss_seg_y = 1.158 Convex = -4.301 Volume = -20.253 Anchor = 7.410 Place_loss = 0.005
iter =    32500/  250000, loss_seg_p = 0.009 loss_seg_y = 1.148 Convex = -4.301 Volume = -20.254 Anchor = 14.419 Place_loss = 0.006
iter =    32600/  250000, loss_seg_p = 0.005 loss_seg_y = 1.176 Convex = -4.301 Volume = -20.253 Anchor = 12.184 Place_loss = 0.008
iter =    32700/  250000, loss_seg_p = 0.004 loss_seg_y = 1.125 Convex = -4.301 Volume = -20.255 Anchor = 9.737 Place_loss = 0.006
iter =    32800/  250000, loss_seg_p = 0.007 loss_seg_y = 1.127 Convex = -4.301 Volume = -20.254 Anchor = 5.378 Place_loss = 0.003
iter =    32900/  250000, loss_seg_p = 0.007 loss_seg_y = 1.117 Convex = -4.301 Volume = -20.255 Anchor = 11.654 Place_loss = 0.005
iter =    33000/  250000, loss_seg_p = 0.014 loss_seg_y = 1.148 Convex = -4.301 Volume = -20.254 Anchor = 10.362 Place_loss = 0.007
2021-11-15 17:05:54   Begin evaluation on iter    33000/  250000  
Evaluate for testing data
===>road:	92.16
===>sidewalk:	56.1
===>building:	86.35
===>wall:	34.48
===>fence:	31.31
===>pole:	37.92
===>light:	38.48
===>sign:	40.79
===>vegetation:	86.98
===>terrain:	46.07
===>sky:	88.77
===>person:	64.78
===>rider:	35.82
===>car:	86.92
===>truck:	40.5
===>bus:	52.66
===>train:	0.0
===>motocycle:	45.12
===>bicycle:	56.57
===> mIoU: 53.78
Finish Evaluation: Mon Nov 15 17:18:11 2021
iter =    33100/  250000, loss_seg_p = 0.029 loss_seg_y = 1.216 Convex = -4.301 Volume = -20.254 Anchor = 9.112 Place_loss = 0.009
iter =    33200/  250000, loss_seg_p = 0.010 loss_seg_y = 1.243 Convex = -4.301 Volume = -20.255 Anchor = 7.209 Place_loss = 0.009
iter =    33300/  250000, loss_seg_p = 0.007 loss_seg_y = 1.127 Convex = -4.302 Volume = -20.258 Anchor = 6.781 Place_loss = 0.004
iter =    33400/  250000, loss_seg_p = 0.009 loss_seg_y = 1.203 Convex = -4.300 Volume = -20.254 Anchor = 13.319 Place_loss = 0.008
iter =    33500/  250000, loss_seg_p = 0.008 loss_seg_y = 1.198 Convex = -4.300 Volume = -20.266 Anchor = 11.870 Place_loss = 0.008
iter =    33600/  250000, loss_seg_p = 0.012 loss_seg_y = 1.241 Convex = -4.267 Volume = -20.349 Anchor = 6.909 Place_loss = 0.009
iter =    33700/  250000, loss_seg_p = 0.004 loss_seg_y = 1.178 Convex = -4.267 Volume = -20.351 Anchor = 8.264 Place_loss = 0.007
iter =    33800/  250000, loss_seg_p = 0.005 loss_seg_y = 1.134 Convex = -4.266 Volume = -20.351 Anchor = 7.515 Place_loss = 0.003
iter =    33900/  250000, loss_seg_p = 0.014 loss_seg_y = 1.185 Convex = -4.266 Volume = -20.352 Anchor = 9.767 Place_loss = 0.008
iter =    34000/  250000, loss_seg_p = 0.024 loss_seg_y = 1.316 Convex = -4.266 Volume = -20.350 Anchor = 11.679 Place_loss = 0.019
2021-11-15 17:32:45   Begin evaluation on iter    34000/  250000  
Evaluate for testing data
===>road:	92.41
===>sidewalk:	56.59
===>building:	86.28
===>wall:	35.53
===>fence:	32.02
===>pole:	37.59
===>light:	37.75
===>sign:	40.5
===>vegetation:	87.0
===>terrain:	46.35
===>sky:	88.08
===>person:	64.32
===>rider:	35.65
===>car:	87.2
===>truck:	39.88
===>bus:	48.9
===>train:	0.01
===>motocycle:	45.75
===>bicycle:	56.55
===> mIoU: 53.6
Finish Evaluation: Mon Nov 15 17:45:04 2021
iter =    34100/  250000, loss_seg_p = 0.016 loss_seg_y = 1.204 Convex = -4.265 Volume = -20.351 Anchor = 8.049 Place_loss = 0.009
iter =    34200/  250000, loss_seg_p = 0.015 loss_seg_y = 1.202 Convex = -4.266 Volume = -20.352 Anchor = 8.087 Place_loss = 0.010
iter =    34300/  250000, loss_seg_p = 0.009 loss_seg_y = 1.131 Convex = -4.266 Volume = -20.351 Anchor = 9.190 Place_loss = 0.006
iter =    34400/  250000, loss_seg_p = 0.009 loss_seg_y = 1.178 Convex = -4.266 Volume = -20.351 Anchor = 8.897 Place_loss = 0.007
iter =    34500/  250000, loss_seg_p = 0.003 loss_seg_y = 1.136 Convex = -4.266 Volume = -20.352 Anchor = 8.829 Place_loss = 0.004
iter =    34600/  250000, loss_seg_p = 0.009 loss_seg_y = 1.114 Convex = -4.266 Volume = -20.352 Anchor = 9.584 Place_loss = 0.006
iter =    34700/  250000, loss_seg_p = 0.007 loss_seg_y = 1.174 Convex = -4.266 Volume = -20.350 Anchor = 8.418 Place_loss = 0.005
iter =    34800/  250000, loss_seg_p = 0.048 loss_seg_y = 1.266 Convex = -4.266 Volume = -20.349 Anchor = 8.931 Place_loss = 0.014
iter =    34900/  250000, loss_seg_p = 0.013 loss_seg_y = 1.185 Convex = -4.266 Volume = -20.348 Anchor = 5.467 Place_loss = 0.006
iter =    35000/  250000, loss_seg_p = 0.007 loss_seg_y = 1.162 Convex = -4.266 Volume = -20.349 Anchor = 9.638 Place_loss = 0.008
2021-11-15 17:59:39   Begin evaluation on iter    35000/  250000  
Evaluate for testing data
===>road:	92.24
===>sidewalk:	56.19
===>building:	86.57
===>wall:	33.97
===>fence:	32.34
===>pole:	37.96
===>light:	38.77
===>sign:	41.55
===>vegetation:	87.03
===>terrain:	46.39
===>sky:	88.93
===>person:	64.69
===>rider:	35.37
===>car:	87.16
===>truck:	41.94
===>bus:	52.5
===>train:	0.0
===>motocycle:	44.75
===>bicycle:	56.96
===> mIoU: 53.96
Finish Evaluation: Mon Nov 15 18:12:00 2021
iter =    35100/  250000, loss_seg_p = 0.057 loss_seg_y = 1.372 Convex = -4.265 Volume = -20.349 Anchor = 7.754 Place_loss = 0.019
iter =    35200/  250000, loss_seg_p = 0.002 loss_seg_y = 1.123 Convex = -4.266 Volume = -20.351 Anchor = 10.613 Place_loss = 0.004
iter =    35300/  250000, loss_seg_p = 0.011 loss_seg_y = 1.211 Convex = -4.266 Volume = -20.353 Anchor = 8.647 Place_loss = 0.009
iter =    35400/  250000, loss_seg_p = 0.005 loss_seg_y = 1.142 Convex = -4.266 Volume = -20.352 Anchor = 9.577 Place_loss = 0.006
iter =    35500/  250000, loss_seg_p = 0.003 loss_seg_y = 1.136 Convex = -4.266 Volume = -20.350 Anchor = 7.604 Place_loss = 0.004
iter =    35600/  250000, loss_seg_p = 0.021 loss_seg_y = 1.161 Convex = -4.266 Volume = -20.353 Anchor = 8.798 Place_loss = 0.010
iter =    35700/  250000, loss_seg_p = 0.006 loss_seg_y = 1.109 Convex = -4.266 Volume = -20.350 Anchor = 8.647 Place_loss = 0.004
iter =    35800/  250000, loss_seg_p = 0.004 loss_seg_y = 1.127 Convex = -4.266 Volume = -20.351 Anchor = 8.578 Place_loss = 0.004
iter =    35900/  250000, loss_seg_p = 0.010 loss_seg_y = 1.167 Convex = -4.266 Volume = -20.351 Anchor = 11.543 Place_loss = 0.007
iter =    36000/  250000, loss_seg_p = 0.005 loss_seg_y = 1.115 Convex = -4.265 Volume = -20.350 Anchor = 9.737 Place_loss = 0.006
2021-11-15 18:26:32   Begin evaluation on iter    36000/  250000  
Evaluate for testing data
===>road:	92.28
===>sidewalk:	56.49
===>building:	86.45
===>wall:	33.94
===>fence:	31.93
===>pole:	38.23
===>light:	38.04
===>sign:	40.55
===>vegetation:	87.03
===>terrain:	46.06
===>sky:	88.12
===>person:	64.57
===>rider:	35.8
===>car:	87.27
===>truck:	41.81
===>bus:	53.24
===>train:	0.0
===>motocycle:	44.18
===>bicycle:	56.72
===> mIoU: 53.83
Finish Evaluation: Mon Nov 15 18:38:50 2021
iter =    36100/  250000, loss_seg_p = 0.013 loss_seg_y = 1.166 Convex = -4.265 Volume = -20.351 Anchor = 12.185 Place_loss = 0.009
iter =    36200/  250000, loss_seg_p = 0.006 loss_seg_y = 1.142 Convex = -4.265 Volume = -20.348 Anchor = 13.365 Place_loss = 0.006
iter =    36300/  250000, loss_seg_p = 0.005 loss_seg_y = 1.112 Convex = -4.266 Volume = -20.353 Anchor = 7.743 Place_loss = 0.003
iter =    36400/  250000, loss_seg_p = 0.016 loss_seg_y = 1.155 Convex = -4.265 Volume = -20.352 Anchor = 9.635 Place_loss = 0.007
iter =    36500/  250000, loss_seg_p = 0.004 loss_seg_y = 1.124 Convex = -4.265 Volume = -20.350 Anchor = 8.814 Place_loss = 0.005
iter =    36600/  250000, loss_seg_p = 0.004 loss_seg_y = 1.155 Convex = -4.265 Volume = -20.351 Anchor = 7.403 Place_loss = 0.003
iter =    36700/  250000, loss_seg_p = 0.017 loss_seg_y = 1.172 Convex = -4.266 Volume = -20.348 Anchor = 11.346 Place_loss = 0.012
iter =    36800/  250000, loss_seg_p = 0.036 loss_seg_y = 1.222 Convex = -4.266 Volume = -20.350 Anchor = 9.021 Place_loss = 0.009
iter =    36900/  250000, loss_seg_p = 0.005 loss_seg_y = 1.132 Convex = -4.265 Volume = -20.350 Anchor = 7.561 Place_loss = 0.005
iter =    37000/  250000, loss_seg_p = 0.003 loss_seg_y = 1.126 Convex = -4.265 Volume = -20.349 Anchor = 7.048 Place_loss = 0.004
2021-11-15 18:53:18   Begin evaluation on iter    37000/  250000  
Evaluate for testing data
===>road:	92.26
===>sidewalk:	56.53
===>building:	86.54
===>wall:	35.21
===>fence:	32.7
===>pole:	37.91
===>light:	39.65
===>sign:	40.58
===>vegetation:	87.0
===>terrain:	45.44
===>sky:	88.71
===>person:	64.65
===>rider:	35.61
===>car:	87.03
===>truck:	40.63
===>bus:	52.09
===>train:	0.0
===>motocycle:	44.75
===>bicycle:	56.62
===> mIoU: 53.89
Finish Evaluation: Mon Nov 15 19:05:45 2021
iter =    37100/  250000, loss_seg_p = 0.005 loss_seg_y = 1.159 Convex = -4.265 Volume = -20.347 Anchor = 8.228 Place_loss = 0.006
iter =    37200/  250000, loss_seg_p = 0.007 loss_seg_y = 1.189 Convex = -4.265 Volume = -20.350 Anchor = 8.564 Place_loss = 0.006
iter =    37300/  250000, loss_seg_p = 0.012 loss_seg_y = 1.209 Convex = -4.266 Volume = -20.351 Anchor = 13.593 Place_loss = 0.011
iter =    37400/  250000, loss_seg_p = 0.003 loss_seg_y = 1.131 Convex = -4.266 Volume = -20.352 Anchor = 7.587 Place_loss = 0.005
iter =    37500/  250000, loss_seg_p = 0.005 loss_seg_y = 1.127 Convex = -4.266 Volume = -20.352 Anchor = 10.966 Place_loss = 0.004
iter =    37600/  250000, loss_seg_p = 0.016 loss_seg_y = 1.173 Convex = -4.266 Volume = -20.350 Anchor = 14.000 Place_loss = 0.010
iter =    37700/  250000, loss_seg_p = 0.040 loss_seg_y = 1.203 Convex = -4.265 Volume = -20.349 Anchor = 9.402 Place_loss = 0.011
iter =    37800/  250000, loss_seg_p = 0.010 loss_seg_y = 1.201 Convex = -4.266 Volume = -20.350 Anchor = 7.965 Place_loss = 0.006
iter =    37900/  250000, loss_seg_p = 0.025 loss_seg_y = 1.195 Convex = -4.265 Volume = -20.350 Anchor = 6.989 Place_loss = 0.007
iter =    38000/  250000, loss_seg_p = 0.002 loss_seg_y = 1.116 Convex = -4.266 Volume = -20.352 Anchor = 9.795 Place_loss = 0.004
2021-11-15 19:20:17   Begin evaluation on iter    38000/  250000  
Evaluate for testing data
===>road:	92.53
===>sidewalk:	56.84
===>building:	86.13
===>wall:	34.11
===>fence:	31.47
===>pole:	37.74
===>light:	37.8
===>sign:	40.35
===>vegetation:	87.17
===>terrain:	47.41
===>sky:	88.89
===>person:	64.43
===>rider:	36.05
===>car:	87.09
===>truck:	38.68
===>bus:	50.0
===>train:	0.0
===>motocycle:	46.07
===>bicycle:	56.69
===> mIoU: 53.65
Finish Evaluation: Mon Nov 15 19:32:34 2021
iter =    38100/  250000, loss_seg_p = 0.056 loss_seg_y = 1.226 Convex = -4.266 Volume = -20.354 Anchor = 11.931 Place_loss = 0.016
iter =    38200/  250000, loss_seg_p = 0.006 loss_seg_y = 1.176 Convex = -4.266 Volume = -20.353 Anchor = 13.116 Place_loss = 0.007
iter =    38300/  250000, loss_seg_p = 0.007 loss_seg_y = 1.176 Convex = -4.266 Volume = -20.354 Anchor = 8.262 Place_loss = 0.007
iter =    38400/  250000, loss_seg_p = 0.060 loss_seg_y = 1.218 Convex = -4.266 Volume = -20.354 Anchor = 8.663 Place_loss = 0.009
iter =    38500/  250000, loss_seg_p = 0.003 loss_seg_y = 1.162 Convex = -4.266 Volume = -20.354 Anchor = 8.535 Place_loss = 0.005
iter =    38600/  250000, loss_seg_p = 0.005 loss_seg_y = 1.124 Convex = -4.265 Volume = -20.353 Anchor = 7.285 Place_loss = 0.005
iter =    38700/  250000, loss_seg_p = 0.003 loss_seg_y = 1.136 Convex = -4.265 Volume = -20.353 Anchor = 4.844 Place_loss = 0.002
iter =    38800/  250000, loss_seg_p = 0.005 loss_seg_y = 1.162 Convex = -4.265 Volume = -20.354 Anchor = 11.805 Place_loss = 0.007
iter =    38900/  250000, loss_seg_p = 0.025 loss_seg_y = 1.219 Convex = -4.265 Volume = -20.353 Anchor = 10.895 Place_loss = 0.014
iter =    39000/  250000, loss_seg_p = 0.014 loss_seg_y = 1.149 Convex = -4.265 Volume = -20.353 Anchor = 8.825 Place_loss = 0.007
2021-11-15 19:47:07   Begin evaluation on iter    39000/  250000  
Evaluate for testing data
===>road:	92.51
===>sidewalk:	56.87
===>building:	86.49
===>wall:	35.11
===>fence:	32.62
===>pole:	38.18
===>light:	39.92
===>sign:	40.92
===>vegetation:	87.06
===>terrain:	45.55
===>sky:	87.74
===>person:	64.66
===>rider:	31.76
===>car:	87.15
===>truck:	40.55
===>bus:	53.02
===>train:	0.0
===>motocycle:	46.23
===>bicycle:	57.05
===> mIoU: 53.86
Finish Evaluation: Mon Nov 15 19:59:10 2021
iter =    39100/  250000, loss_seg_p = 0.003 loss_seg_y = 1.172 Convex = -4.265 Volume = -20.352 Anchor = 8.625 Place_loss = 0.004
iter =    39200/  250000, loss_seg_p = 0.035 loss_seg_y = 1.251 Convex = -4.265 Volume = -20.354 Anchor = 8.330 Place_loss = 0.012
iter =    39300/  250000, loss_seg_p = 0.008 loss_seg_y = 1.168 Convex = -4.265 Volume = -20.352 Anchor = 12.085 Place_loss = 0.008
iter =    39400/  250000, loss_seg_p = 0.019 loss_seg_y = 1.343 Convex = -4.265 Volume = -20.351 Anchor = 9.439 Place_loss = 0.010
iter =    39500/  250000, loss_seg_p = 0.007 loss_seg_y = 1.185 Convex = -4.265 Volume = -20.352 Anchor = 10.353 Place_loss = 0.008
iter =    39600/  250000, loss_seg_p = 0.003 loss_seg_y = 1.146 Convex = -4.266 Volume = -20.352 Anchor = 9.861 Place_loss = 0.004
iter =    39700/  250000, loss_seg_p = 0.007 loss_seg_y = 1.170 Convex = -4.266 Volume = -20.353 Anchor = 7.898 Place_loss = 0.005
iter =    39800/  250000, loss_seg_p = 0.011 loss_seg_y = 1.206 Convex = -4.265 Volume = -20.352 Anchor = 13.609 Place_loss = 0.008
iter =    39900/  250000, loss_seg_p = 0.003 loss_seg_y = 1.160 Convex = -4.265 Volume = -20.352 Anchor = 7.959 Place_loss = 0.003
save model ...
